#
# There is insufficient memory for the Java Runtime Environment to continue.
# Native memory allocation (mmap) failed to map 132120576 bytes for G1 virtual space
# Possible reasons:
#   The system is out of physical RAM or swap space
#   The process is running with CompressedOops enabled, and the Java Heap may be blocking the growth of the native heap
# Possible solutions:
#   Reduce memory load on the system
#   Increase physical memory or swap space
#   Check if swap backing store is full
#   Decrease Java heap size (-Xmx/-Xms)
#   Decrease number of Java threads
#   Decrease Java thread stack sizes (-Xss)
#   Set larger code cache with -XX:ReservedCodeCacheSize=
#   JVM is running with Unscaled Compressed Oops mode in which the Java heap is
#     placed in the first 4GB address space. The Java Heap base address is the
#     maximum limit for the native heap growth. Please use -XX:HeapBaseMinAddress
#     to set the Java Heap base and to place the Java Heap above 4GB virtual address.
# This output file may be truncated or incomplete.
#
#  Out of Memory Error (os_windows.cpp:3528), pid=6664, tid=11268
#
# JRE version:  (20.0+36) (build )
# Java VM: Java HotSpot(TM) 64-Bit Server VM (20+36-2344, mixed mode, sharing, tiered, compressed oops, compressed class ptrs, g1 gc, windows-amd64)
# No core dump will be written. Minidumps are not enabled by default on client versions of Windows
#

---------------  S U M M A R Y ------------

Command Line: -ea -javaagent:C:\Users\ashay\AppData\Local\JetBrains\IntelliJIdea2023.1\testAgent\intellij-coverage-agent-1.0.706.jar=C:\Users\ashay\AppData\Local\Temp\coverage11args -Didea.new.sampling.coverage=true -Dcoverage.ignore.private.constructor.util.class=true -DnodeNamesHandler=org.jetbrains.plugins.cucumber.java.run.CucumberTestTreeNodeManager -Didea.test.cyclic.buffer.size=1048576 -javaagent:C:\Program Files\JetBrains\IntelliJ IDEA 2023.1.3\lib\idea_rt.jar=50488:C:\Program Files\JetBrains\IntelliJ IDEA 2023.1.3\bin -Dfile.encoding=UTF-8 -Dsun.stdout.encoding=UTF-8 -Dsun.stderr.encoding=UTF-8 com.intellij.rt.junit.JUnitStarter -ideVersion5 -junit4 tests.Acceptance

Host: Intel(R) Core(TM) i5-1035G1 CPU @ 1.00GHz, 8 cores, 7G,  Windows 11 , 64 bit Build 22621 (10.0.22621.1928)
Time: Thu Aug  3 19:23:54 2023 West Bank Gaza Daylight Time elapsed time: 0.017375 seconds (0d 0h 0m 0s)

---------------  T H R E A D  ---------------

Current thread (0x000001f402f111a0):  JavaThread "Unknown thread" [_thread_in_vm, id=11268, stack(0x00000031fe800000,0x00000031fe900000)]

Stack: [0x00000031fe800000,0x00000031fe900000]
Native frames: (J=compiled Java code, j=interpreted, Vv=VM code, C=native code)
V  [jvm.dll+0x6bb95a]
V  [jvm.dll+0x8483aa]
V  [jvm.dll+0x849fa5]
V  [jvm.dll+0x84a6a3]
V  [jvm.dll+0x280b0f]
V  [jvm.dll+0x6b86e9]
V  [jvm.dll+0x6ad2da]
V  [jvm.dll+0x35adf5]
V  [jvm.dll+0x363016]
V  [jvm.dll+0x3b3b3e]
V  [jvm.dll+0x3b3dc5]
V  [jvm.dll+0x32b50a]
V  [jvm.dll+0x32c32b]
V  [jvm.dll+0x81106f]
V  [jvm.dll+0x3c0d91]
V  [jvm.dll+0x7fcd93]
V  [jvm.dll+0x44c76f]
V  [jvm.dll+0x44e0e1]
C  [jli.dll+0x5287]
C  [ucrtbase.dll+0x29363]
C  [KERNEL32.DLL+0x126ad]
C  [ntdll.dll+0x5aa68]


---------------  P R O C E S S  ---------------

Threads class SMR info:
_java_thread_list=0x00007ffee192a098, length=0, elements={
}

Java Threads: ( => current thread )

Other Threads:
  0x000001f402f39d00 WorkerThread "GC Thread#0" [stack: 0x00000031fe900000,0x00000031fea00000] [id=7936]
  0x000001f402f84c90 ConcurrentGCThread "G1 Main Marker" [stack: 0x00000031fea00000,0x00000031feb00000] [id=3440]
  0x000001f402f856c0 WorkerThread "G1 Conc#0" [stack: 0x00000031feb00000,0x00000031fec00000] [id=3388]

[error occurred during error reporting (printing all threads), id 0xc0000005, EXCEPTION_ACCESS_VIOLATION (0xc0000005) at pc=0x00007ffee110eb47]
VM state: not at safepoint (not fully initialized)

VM Mutex/Monitor currently owned by a thread:  ([mutex/lock_event])
[0x000001f402f0d810] Heap_lock - owner thread: 0x000001f402f111a0

Heap address: 0x0000000083200000, size: 1998 MB, Compressed Oops mode: 32-bit

CDS archive(s) mapped at: [0x0000000000000000-0x0000000000000000-0x0000000000000000), size 0, SharedBaseAddress: 0x0000000800000000, ArchiveRelocationMode: 0.
Narrow klass base: 0x0000000000000000, Narrow klass shift: 0, Narrow klass range: 0x0

GC Precious Log:
 CardTable entry size: 512
 Card Set container configuration: InlinePtr #cards 5 size 8 Array Of Cards #cards 12 size 40 Howl #buckets 4 coarsen threshold 1843 Howl Bitmap #cards 512 size 80 coarsen threshold 460 Card regions per heap region 1 cards per card region 2048

Heap:
 garbage-first heap   total 0K, used 0K [0x0000000083200000, 0x0000000100000000)
  region size 1024K, 0 young (0K), 0 survivors (0K)

[error occurred during error reporting (printing heap information), id 0xc0000005, EXCEPTION_ACCESS_VIOLATION (0xc0000005) at pc=0x00007ffee14e3c59]
GC Heap History (0 events):
No events

Dll operation events (2 events):
Event: 0.011 Loaded shared library C:\Program Files\Java\jdk-20\bin\java.dll
Event: 0.013 Loaded shared library C:\Program Files\Java\jdk-20\bin\zip.dll

Deoptimization events (0 events):
No events

Classes loaded (0 events):
No events

Classes unloaded (0 events):
No events

Classes redefined (0 events):
No events

Internal exceptions (0 events):
No events

VM Operations (0 events):
No events

Events (0 events):
No events


Dynamic libraries:
0x00007ff71d320000 - 0x00007ff71d330000 	C:\Program Files\Java\jdk-20\bin\java.exe
0x00007fff1e2f0000 - 0x00007fff1e504000 	C:\WINDOWS\SYSTEM32\ntdll.dll
0x00007fff1d680000 - 0x00007fff1d742000 	C:\WINDOWS\System32\KERNEL32.DLL
0x00007fff1b860000 - 0x00007fff1bc03000 	C:\WINDOWS\System32\KERNELBASE.dll
0x00007fff1bc10000 - 0x00007fff1bd21000 	C:\WINDOWS\System32\ucrtbase.dll
0x00007fff15d50000 - 0x00007fff15d69000 	C:\Program Files\Java\jdk-20\bin\jli.dll
0x00007fff15810000 - 0x00007fff1582b000 	C:\Program Files\Java\jdk-20\bin\VCRUNTIME140.dll
0x00007fff1d800000 - 0x00007fff1d8ae000 	C:\WINDOWS\System32\ADVAPI32.dll
0x00007fff1e000000 - 0x00007fff1e0a7000 	C:\WINDOWS\System32\msvcrt.dll
0x00007fff1d750000 - 0x00007fff1d7f4000 	C:\WINDOWS\System32\sechost.dll
0x00007fff1e110000 - 0x00007fff1e227000 	C:\WINDOWS\System32\RPCRT4.dll
0x00007fff1da50000 - 0x00007fff1dbfa000 	C:\WINDOWS\System32\USER32.dll
0x00007fff1bf90000 - 0x00007fff1bfb6000 	C:\WINDOWS\System32\win32u.dll
0x00007ffefceb0000 - 0x00007ffefd13e000 	C:\WINDOWS\WinSxS\amd64_microsoft.windows.common-controls_6595b64144ccf1df_6.0.22621.1635_none_270f70857386168e\COMCTL32.dll
0x00007fff1cb30000 - 0x00007fff1cb59000 	C:\WINDOWS\System32\GDI32.dll
0x00007fff1bdf0000 - 0x00007fff1bf09000 	C:\WINDOWS\System32\gdi32full.dll
0x00007fff1c030000 - 0x00007fff1c0ca000 	C:\WINDOWS\System32\msvcp_win.dll
0x00007fff14c50000 - 0x00007fff14c5a000 	C:\WINDOWS\SYSTEM32\VERSION.dll
0x00007fff1c2f0000 - 0x00007fff1c321000 	C:\WINDOWS\System32\IMM32.DLL
0x00007fff15d40000 - 0x00007fff15d4c000 	C:\Program Files\Java\jdk-20\bin\vcruntime140_1.dll
0x00007fff02170000 - 0x00007fff021fe000 	C:\Program Files\Java\jdk-20\bin\msvcp140.dll
0x00007ffee0dd0000 - 0x00007ffee1a67000 	C:\Program Files\Java\jdk-20\bin\server\jvm.dll
0x00007fff04ca0000 - 0x00007fff04ca9000 	C:\WINDOWS\SYSTEM32\WSOCK32.dll
0x00007fff14570000 - 0x00007fff145a4000 	C:\WINDOWS\SYSTEM32\WINMM.dll
0x00007fff1c0d0000 - 0x00007fff1c141000 	C:\WINDOWS\System32\WS2_32.dll
0x00007fff1a730000 - 0x00007fff1a748000 	C:\WINDOWS\SYSTEM32\kernel.appcore.dll
0x00007fff15800000 - 0x00007fff1580a000 	C:\Program Files\Java\jdk-20\bin\jimage.dll
0x00007fff190c0000 - 0x00007fff192ee000 	C:\WINDOWS\SYSTEM32\DBGHELP.DLL
0x00007fff1d280000 - 0x00007fff1d609000 	C:\WINDOWS\System32\combase.dll
0x00007fff1cb80000 - 0x00007fff1cc57000 	C:\WINDOWS\System32\OLEAUT32.dll
0x00007fff09cf0000 - 0x00007fff09d22000 	C:\WINDOWS\SYSTEM32\dbgcore.DLL
0x00007fff1bf10000 - 0x00007fff1bf8a000 	C:\WINDOWS\System32\bcryptPrimitives.dll
0x00007fff186e0000 - 0x00007fff186ee000 	C:\Program Files\Java\jdk-20\bin\instrument.dll
0x00007fff15760000 - 0x00007fff15786000 	C:\Program Files\Java\jdk-20\bin\java.dll
0x00007fff14640000 - 0x00007fff14658000 	C:\Program Files\Java\jdk-20\bin\zip.dll

dbghelp: loaded successfully - version: 4.0.5 - missing functions: none
symbol engine: initialized successfully - sym options: 0x614 - pdb path: .;C:\Program Files\Java\jdk-20\bin;C:\WINDOWS\SYSTEM32;C:\WINDOWS\WinSxS\amd64_microsoft.windows.common-controls_6595b64144ccf1df_6.0.22621.1635_none_270f70857386168e;C:\Program Files\Java\jdk-20\bin\server

VM Arguments:
jvm_args: -ea -javaagent:C:\Users\ashay\AppData\Local\JetBrains\IntelliJIdea2023.1\testAgent\intellij-coverage-agent-1.0.706.jar=C:\Users\ashay\AppData\Local\Temp\coverage11args -Didea.new.sampling.coverage=true -Dcoverage.ignore.private.constructor.util.class=true -DnodeNamesHandler=org.jetbrains.plugins.cucumber.java.run.CucumberTestTreeNodeManager -Didea.test.cyclic.buffer.size=1048576 -javaagent:C:\Program Files\JetBrains\IntelliJ IDEA 2023.1.3\lib\idea_rt.jar=50488:C:\Program Files\JetBrains\IntelliJ IDEA 2023.1.3\bin -Dfile.encoding=UTF-8 -Dsun.stdout.encoding=UTF-8 -Dsun.stderr.encoding=UTF-8 
java_command: com.intellij.rt.junit.JUnitStarter -ideVersion5 -junit4 tests.Acceptance
java_class_path (initial): C:\Program Files\JetBrains\IntelliJ IDEA 2023.1.3\lib\idea_rt.jar;C:\Program Files\JetBrains\IntelliJ IDEA 2023.1.3\plugins\junit\lib\junit5-rt.jar;C:\Program Files\JetBrains\IntelliJ IDEA 2023.1.3\plugins\junit\lib\junit-rt.jar;C:\Users\ashay\OneDrive\Desktop\softwareProj-main\target\test-classes;C:\Users\ashay\OneDrive\Desktop\softwareProj-main\target\classes;C:\Users\ashay\.m2\repository\io\cucumber\cucumber-picocontainer\7.3.4\cucumber-picocontainer-7.3.4.jar;C:\Users\ashay\.m2\repository\org\apiguardian\apiguardian-api\1.1.2\apiguardian-api-1.1.2.jar;C:\Users\ashay\.m2\repository\org\picocontainer\picocontainer\2.15\picocontainer-2.15.jar;C:\Users\ashay\.m2\repository\io\cucumber\cucumber-java\7.3.4\cucumber-java-7.3.4.jar;C:\Users\ashay\.m2\repository\io\cucumber\cucumber-core\7.3.4\cucumber-core-7.3.4.jar;C:\Users\ashay\.m2\repository\io\cucumber\cucumber-gherkin\7.3.4\cucumber-gherkin-7.3.4.jar;C:\Users\ashay\.m2\repository\io\cucumber\cucumber-gherkin-messages\7.3.4\cucumber-gherkin-messages-7.3.4.jar;C:\Users\ashay\.m2\repository\io\cucumber\gherkin\23.0.1\gherkin-23.0.1.jar;C:\Users\ashay\.m2\repository\io\cucumber\messages\18.0.0\messages-18.0.0.jar;C:\Users\ashay\.m2\repository\io\cucumber\tag-expressions\4.1.0\tag-expressions-4.1.0.jar;C:\Users\ashay\.m2\repository\io\cucumber\cucumber-expressions\15.1.1\cucumber-expressions-15.1.1.jar;C:\Users\ashay\.m2\repository\io\cucumber\datatable\7.3.4\datatable-7.3.4.jar;C:\Users\ashay\.m2\repository\io\cucumber\cucumber-plugin\7.3.4\cucumber-plugin-7.3.4.jar;C:\Users\ashay\.m2\repository\io\cucumber\docstring\7.3.4\docstring-7.3.4.jar;C:\Users\ashay\.m2\repository\io\cucumber\html-formatter\19.1.0\html-formatter-19.1.0.jar;C:\Users\ashay\.m2\repository\io\cucumber\ci-environment\9.0.4\ci-environment-9.0.4.jar;C:\Users\ashay\.m2\repository\io\cucumber\cucumber-junit\7.3.4\cucumber-junit-7.3.4.jar;C:\Users\ashay\.m2\repository\junit\junit\4.13.2\junit-4.13.2.jar;C:\Users\ashay\.m2\repository\org\hamcrest\hamcrest-core\1.3\hamcrest-core-1.3.jar;C:\Users\ashay\.m2\repository\org\junit\jupiter\junit-jupiter\5.8.1\junit-jupiter-5.8.1.jar;C:\Users\ashay\.m2\repository\org\junit\jupiter\junit-jupiter-api\5.8.1\junit-jupiter-api-5.8.1.jar;C:\Users\ashay\.m2\repository\org\opentest4j\opentest4j\1.2.0\opentest4j-1.2.0.jar;C:\Users\ashay\.m2\repository\org\junit\platform\junit-platform-commons\1.8.1\junit-platform-commons-1.8.1.jar;C:\Users\ashay\.m2\repository\org\junit\jupiter\junit-jupiter-params\5.8.1\junit-jupiter-params-5.8.1.jar;C:\Users\ashay\.m2\repository\org\junit\jupiter\junit-jupiter-engine\5.8.1\junit-jupiter-engine-5.8.1.jar;C:\Users\ashay\.m2\repository\org\junit\platform\junit-platform-engine\1.8.1\junit-platform-engine-1.8.1.jar;C:\Users\ashay\.m2\repository\org\mockito\mockito-core\3.12.4\mockito-core-3.12.4.jar;C:\Users\ashay\.m2\repository\net\bytebuddy\byte-buddy\1.11.13\byte-buddy-1.11.13.jar;C:\Users\ashay\.m2\repository\net\bytebuddy\byte-buddy-agent\1.11.13\byte-buddy-agent-1.11.13.jar;C:\Users\ashay\.m2\repository\org\objenesis\objenesis\3.2\objenesis-3.2.jar;C:\Program Files\JetBrains\IntelliJ IDEA 2023.1.3\plugins\cucumber-java\lib\cucumber-jvmFormatter.jar
Launcher Type: SUN_STANDARD

[Global flags]
     intx CICompilerCount                          = 4                                         {product} {ergonomic}
     uint ConcGCThreads                            = 2                                         {product} {ergonomic}
     uint G1ConcRefinementThreads                  = 8                                         {product} {ergonomic}
   size_t G1HeapRegionSize                         = 1048576                                   {product} {ergonomic}
    uintx GCDrainStackTargetSize                   = 64                                        {product} {ergonomic}
   size_t InitialHeapSize                          = 132120576                                 {product} {ergonomic}
   size_t MarkStackSize                            = 4194304                                   {product} {ergonomic}
   size_t MaxHeapSize                              = 2095054848                                {product} {ergonomic}
   size_t MinHeapDeltaBytes                        = 1048576                                   {product} {ergonomic}
   size_t MinHeapSize                              = 8388608                                   {product} {ergonomic}
    uintx NonNMethodCodeHeapSize                   = 5839372                                {pd product} {ergonomic}
    uintx NonProfiledCodeHeapSize                  = 122909434                              {pd product} {ergonomic}
    uintx ProfiledCodeHeapSize                     = 122909434                              {pd product} {ergonomic}
    uintx ReservedCodeCacheSize                    = 251658240                              {pd product} {ergonomic}
     bool SegmentedCodeCache                       = true                                      {product} {ergonomic}
   size_t SoftMaxHeapSize                          = 2095054848                             {manageable} {ergonomic}
     bool UseCompressedClassPointers               = true                           {product lp64_product} {ergonomic}
     bool UseCompressedOops                        = true                           {product lp64_product} {ergonomic}
     bool UseG1GC                                  = true                                      {product} {ergonomic}
     bool UseLargePagesIndividualAllocation        = false                                  {pd product} {ergonomic}

Logging:
Log output configuration:
 #0: stdout all=warning uptime,level,tags foldmultilines=false
 #1: stderr all=off uptime,level,tags foldmultilines=false

Environment Variables:
PATH=C:\Program Files\Common Files\Oracle\Java\javapath;C:\Program Files (x86)\Common Files\Oracle\Java\javapath;C:\WINDOWS\system32;C:\WINDOWS;C:\WINDOWS\System32\Wbem;C:\WINDOWS\System32\WindowsPowerShell\v1.0\;C:\WINDOWS\System32\OpenSSH\;C:\Program Files\dotnet\;C:\Program Files\Git\cmd;C:\Users\ashay\AppData\Local\Microsoft\WindowsApps;C:\Users\ashay\AppData\Local\Programs\Microsoft VS Code\bin;C:\Users\ashay\.dotnet\tools;C:\Users\ashay\AppData\Local\GitHubDesktop\bin
USERNAME=ashay
OS=Windows_NT
PROCESSOR_IDENTIFIER=Intel64 Family 6 Model 126 Stepping 5, GenuineIntel
TMP=C:\Users\ashay\AppData\Local\Temp
TEMP=C:\Users\ashay\AppData\Local\Temp




---------------  S Y S T E M  ---------------

OS:
 Windows 11 , 64 bit Build 22621 (10.0.22621.1928)
OS uptime: 0 days 0:55 hours

CPU: total 8 (initial active 8) (4 cores per cpu, 2 threads per core) family 6 model 126 stepping 5 microcode 0xa6, cx8, cmov, fxsr, ht, mmx, 3dnowpref, sse, sse2, sse3, ssse3, sse4.1, sse4.2, popcnt, lzcnt, tsc, tscinvbit, avx, avx2, aes, erms, clmul, bmi1, bmi2, adx, avx512f, avx512dq, avx512cd, avx512bw, avx512vl, sha, fma, vzeroupper, avx512_vpopcntdq, avx512_vpclmulqdq, avx512_vaes, avx512_vnni, clflush, clflushopt, avx512_vbmi2, avx512_vbmi, rdtscp, rdpid, fsrm, gfni, avx512_bitalg, f16c, pku, avx512_ifma

Memory: 4k page, system-wide physical 7987M (1095M free)
TotalPageFile size 7987M (AvailPageFile size 111M)
current process WorkingSet (physical memory assigned to process): 11M, peak: 11M
current process commit charge ("private bytes"): 60M, peak: 186M

vm_info: Java HotSpot(TM) 64-Bit Server VM (20+36-2344) for windows-amd64 JRE (20+36-2344), built on 2023-02-10T19:30:15Z by "mach5one" with MS VC++ 17.1 (VS2022)

END.
