#
# There is insufficient memory for the Java Runtime Environment to continue.
# Native memory allocation (mmap) failed to map 132120576 bytes for G1 virtual space
# Possible reasons:
#   The system is out of physical RAM or swap space
#   The process is running with CompressedOops enabled, and the Java Heap may be blocking the growth of the native heap
# Possible solutions:
#   Reduce memory load on the system
#   Increase physical memory or swap space
#   Check if swap backing store is full
#   Decrease Java heap size (-Xmx/-Xms)
#   Decrease number of Java threads
#   Decrease Java thread stack sizes (-Xss)
#   Set larger code cache with -XX:ReservedCodeCacheSize=
#   JVM is running with Unscaled Compressed Oops mode in which the Java heap is
#     placed in the first 4GB address space. The Java Heap base address is the
#     maximum limit for the native heap growth. Please use -XX:HeapBaseMinAddress
#     to set the Java Heap base and to place the Java Heap above 4GB virtual address.
# This output file may be truncated or incomplete.
#
#  Out of Memory Error (os_windows.cpp:3528), pid=13964, tid=14252
#
# JRE version:  (20.0+36) (build )
# Java VM: Java HotSpot(TM) 64-Bit Server VM (20+36-2344, mixed mode, sharing, tiered, compressed oops, compressed class ptrs, g1 gc, windows-amd64)
# No core dump will be written. Minidumps are not enabled by default on client versions of Windows
#

---------------  S U M M A R Y ------------

Command Line: C:\Users\ashay\AppData\Local\Temp\surefire11670802294244471118\surefirebooter11501618293938964492.jar C:\Users\ashay\AppData\Local\Temp\surefire11670802294244471118 2023-08-04T11-17-19_974-jvmRun1 surefire559335732018491493tmp surefire_016182603461822031111tmp

Host: Intel(R) Core(TM) i5-1035G1 CPU @ 1.00GHz, 8 cores, 7G,  Windows 11 , 64 bit Build 22621 (10.0.22621.1928)
Time: Fri Aug  4 11:17:20 2023 West Bank Gaza Daylight Time elapsed time: 0.007016 seconds (0d 0h 0m 0s)

---------------  T H R E A D  ---------------

Current thread (0x000001cca9476080):  JavaThread "Unknown thread" [_thread_in_vm, id=14252, stack(0x0000007ca3000000,0x0000007ca3100000)]

Stack: [0x0000007ca3000000,0x0000007ca3100000]
Native frames: (J=compiled Java code, j=interpreted, Vv=VM code, C=native code)
V  [jvm.dll+0x6bb95a]
V  [jvm.dll+0x8483aa]
V  [jvm.dll+0x849fa5]
V  [jvm.dll+0x84a6a3]
V  [jvm.dll+0x280b0f]
V  [jvm.dll+0x6b86e9]
V  [jvm.dll+0x6ad2da]
V  [jvm.dll+0x35adf5]
V  [jvm.dll+0x363016]
V  [jvm.dll+0x3b3b3e]
V  [jvm.dll+0x3b3dc5]
V  [jvm.dll+0x32b50a]
V  [jvm.dll+0x32c32b]
V  [jvm.dll+0x81106f]
V  [jvm.dll+0x3c0d91]
V  [jvm.dll+0x7fcd93]
V  [jvm.dll+0x44c76f]
V  [jvm.dll+0x44e0e1]
C  [jli.dll+0x5287]
C  [ucrtbase.dll+0x29363]
C  [KERNEL32.DLL+0x126ad]
C  [ntdll.dll+0x5aa68]


---------------  P R O C E S S  ---------------

Threads class SMR info:
_java_thread_list=0x00007ff817b5a098, length=0, elements={
}

Java Threads: ( => current thread )

Other Threads:
  0x000001cca94d77f0 WorkerThread "GC Thread#0" [stack: 0x0000007ca3100000,0x0000007ca3200000] [id=3076]
  0x000001cca94e80c0 ConcurrentGCThread "G1 Main Marker" [stack: 0x0000007ca3200000,0x0000007ca3300000] [id=1964]
  0x000001cca94e8df0 WorkerThread "G1 Conc#0" [stack: 0x0000007ca3300000,0x0000007ca3400000] [id=12984]

[error occurred during error reporting (printing all threads), id 0xc0000005, EXCEPTION_ACCESS_VIOLATION (0xc0000005) at pc=0x00007ff81733eb47]
VM state: not at safepoint (not fully initialized)

VM Mutex/Monitor currently owned by a thread:  ([mutex/lock_event])
[0x000001cca9472500] Heap_lock - owner thread: 0x000001cca9476080

Heap address: 0x0000000083200000, size: 1998 MB, Compressed Oops mode: 32-bit

CDS archive(s) mapped at: [0x0000000000000000-0x0000000000000000-0x0000000000000000), size 0, SharedBaseAddress: 0x0000000800000000, ArchiveRelocationMode: 0.
Narrow klass base: 0x0000000000000000, Narrow klass shift: 0, Narrow klass range: 0x0

GC Precious Log:
 CardTable entry size: 512
 Card Set container configuration: InlinePtr #cards 5 size 8 Array Of Cards #cards 12 size 40 Howl #buckets 4 coarsen threshold 1843 Howl Bitmap #cards 512 size 80 coarsen threshold 460 Card regions per heap region 1 cards per card region 2048

Heap:
 garbage-first heap   total 0K, used 0K [0x0000000083200000, 0x0000000100000000)
  region size 1024K, 0 young (0K), 0 survivors (0K)

[error occurred during error reporting (printing heap information), id 0xc0000005, EXCEPTION_ACCESS_VIOLATION (0xc0000005) at pc=0x00007ff817713c59]
GC Heap History (0 events):
No events

Dll operation events (1 events):
Event: 0.004 Loaded shared library C:\Program Files\Java\jdk-20\bin\java.dll

Deoptimization events (0 events):
No events

Classes loaded (0 events):
No events

Classes unloaded (0 events):
No events

Classes redefined (0 events):
No events

Internal exceptions (0 events):
No events

VM Operations (0 events):
No events

Events (0 events):
No events


Dynamic libraries:
0x00007ff6ba5e0000 - 0x00007ff6ba5f0000 	C:\Program Files\Java\jdk-20\bin\java.exe
0x00007ff853210000 - 0x00007ff853424000 	C:\WINDOWS\SYSTEM32\ntdll.dll
0x00007ff8516f0000 - 0x00007ff8517b2000 	C:\WINDOWS\System32\KERNEL32.DLL
0x00007ff850b10000 - 0x00007ff850eb3000 	C:\WINDOWS\System32\KERNELBASE.dll
0x00007ff8509f0000 - 0x00007ff850b01000 	C:\WINDOWS\System32\ucrtbase.dll
0x00007ff83cee0000 - 0x00007ff83cefb000 	C:\Program Files\Java\jdk-20\bin\VCRUNTIME140.dll
0x00007ff83d0e0000 - 0x00007ff83d0f9000 	C:\Program Files\Java\jdk-20\bin\jli.dll
0x00007ff851b90000 - 0x00007ff851c3e000 	C:\WINDOWS\System32\ADVAPI32.dll
0x00007ff8510f0000 - 0x00007ff851197000 	C:\WINDOWS\System32\msvcrt.dll
0x00007ff851920000 - 0x00007ff8519c4000 	C:\WINDOWS\System32\sechost.dll
0x00007ff851530000 - 0x00007ff851647000 	C:\WINDOWS\System32\RPCRT4.dll
0x00007ff851350000 - 0x00007ff8514fa000 	C:\WINDOWS\System32\USER32.dll
0x00007ff850850000 - 0x00007ff850876000 	C:\WINDOWS\System32\win32u.dll
0x00007ff832890000 - 0x00007ff832b1e000 	C:\WINDOWS\WinSxS\amd64_microsoft.windows.common-controls_6595b64144ccf1df_6.0.22621.1635_none_270f70857386168e\COMCTL32.dll
0x00007ff851500000 - 0x00007ff851529000 	C:\WINDOWS\System32\GDI32.dll
0x00007ff850730000 - 0x00007ff850849000 	C:\WINDOWS\System32\gdi32full.dll
0x00007ff850610000 - 0x00007ff8506aa000 	C:\WINDOWS\System32\msvcp_win.dll
0x00007ff8497a0000 - 0x00007ff8497aa000 	C:\WINDOWS\SYSTEM32\VERSION.dll
0x00007ff851220000 - 0x00007ff851251000 	C:\WINDOWS\System32\IMM32.DLL
0x00007ff83f940000 - 0x00007ff83f94c000 	C:\Program Files\Java\jdk-20\bin\vcruntime140_1.dll
0x00007ff832b80000 - 0x00007ff832c0e000 	C:\Program Files\Java\jdk-20\bin\msvcp140.dll
0x00007ff817000000 - 0x00007ff817c97000 	C:\Program Files\Java\jdk-20\bin\server\jvm.dll
0x00007ff849220000 - 0x00007ff849254000 	C:\WINDOWS\SYSTEM32\WINMM.dll
0x00007ff83c970000 - 0x00007ff83c979000 	C:\WINDOWS\SYSTEM32\WSOCK32.dll
0x00007ff8511a0000 - 0x00007ff851211000 	C:\WINDOWS\System32\WS2_32.dll
0x00007ff84f650000 - 0x00007ff84f668000 	C:\WINDOWS\SYSTEM32\kernel.appcore.dll
0x00007ff83eff0000 - 0x00007ff83effa000 	C:\Program Files\Java\jdk-20\bin\jimage.dll
0x00007ff84dfb0000 - 0x00007ff84e1de000 	C:\WINDOWS\SYSTEM32\DBGHELP.DLL
0x00007ff852e40000 - 0x00007ff8531c9000 	C:\WINDOWS\System32\combase.dll
0x00007ff851260000 - 0x00007ff851337000 	C:\WINDOWS\System32\OLEAUT32.dll
0x00007ff83d660000 - 0x00007ff83d692000 	C:\WINDOWS\SYSTEM32\dbgcore.DLL
0x00007ff8506b0000 - 0x00007ff85072a000 	C:\WINDOWS\System32\bcryptPrimitives.dll
0x00007ff83ae40000 - 0x00007ff83ae66000 	C:\Program Files\Java\jdk-20\bin\java.dll

dbghelp: loaded successfully - version: 4.0.5 - missing functions: none
symbol engine: initialized successfully - sym options: 0x614 - pdb path: .;C:\Program Files\Java\jdk-20\bin;C:\WINDOWS\SYSTEM32;C:\WINDOWS\WinSxS\amd64_microsoft.windows.common-controls_6595b64144ccf1df_6.0.22621.1635_none_270f70857386168e;C:\Program Files\Java\jdk-20\bin\server

VM Arguments:
java_command: C:\Users\ashay\AppData\Local\Temp\surefire11670802294244471118\surefirebooter11501618293938964492.jar C:\Users\ashay\AppData\Local\Temp\surefire11670802294244471118 2023-08-04T11-17-19_974-jvmRun1 surefire559335732018491493tmp surefire_016182603461822031111tmp
java_class_path (initial): C:\Users\ashay\AppData\Local\Temp\surefire11670802294244471118\surefirebooter11501618293938964492.jar
Launcher Type: SUN_STANDARD

[Global flags]
     intx CICompilerCount                          = 4                                         {product} {ergonomic}
     uint ConcGCThreads                            = 2                                         {product} {ergonomic}
     uint G1ConcRefinementThreads                  = 8                                         {product} {ergonomic}
   size_t G1HeapRegionSize                         = 1048576                                   {product} {ergonomic}
    uintx GCDrainStackTargetSize                   = 64                                        {product} {ergonomic}
   size_t InitialHeapSize                          = 132120576                                 {product} {ergonomic}
   size_t MarkStackSize                            = 4194304                                   {product} {ergonomic}
   size_t MaxHeapSize                              = 2095054848                                {product} {ergonomic}
   size_t MinHeapDeltaBytes                        = 1048576                                   {product} {ergonomic}
   size_t MinHeapSize                              = 8388608                                   {product} {ergonomic}
    uintx NonNMethodCodeHeapSize                   = 5839372                                {pd product} {ergonomic}
    uintx NonProfiledCodeHeapSize                  = 122909434                              {pd product} {ergonomic}
    uintx ProfiledCodeHeapSize                     = 122909434                              {pd product} {ergonomic}
    uintx ReservedCodeCacheSize                    = 251658240                              {pd product} {ergonomic}
     bool SegmentedCodeCache                       = true                                      {product} {ergonomic}
   size_t SoftMaxHeapSize                          = 2095054848                             {manageable} {ergonomic}
     bool UseCompressedClassPointers               = true                           {product lp64_product} {ergonomic}
     bool UseCompressedOops                        = true                           {product lp64_product} {ergonomic}
     bool UseG1GC                                  = true                                      {product} {ergonomic}
     bool UseLargePagesIndividualAllocation        = false                                  {pd product} {ergonomic}

Logging:
Log output configuration:
 #0: stdout all=warning uptime,level,tags foldmultilines=false
 #1: stderr all=off uptime,level,tags foldmultilines=false

Environment Variables:
PATH=C:\Program Files\Common Files\Oracle\Java\javapath;C:\Program Files (x86)\Common Files\Oracle\Java\javapath;C:\WINDOWS\system32;C:\WINDOWS;C:\WINDOWS\System32\Wbem;C:\WINDOWS\System32\WindowsPowerShell\v1.0\;C:\WINDOWS\System32\OpenSSH\;C:\Program Files\dotnet\;C:\Program Files\Git\cmd;C:\Program Files\apache-maven-3.9.4\bin;C:\Program Files\Common Files\Oracle\Java\javapath;C:\Program Files (x86)\Common Files\Oracle\Java\javapath;C:\WINDOWS\system32;C:\WINDOWS;C:\WINDOWS\System32\Wbem;C:\WINDOWS\System32\WindowsPowerShell\v1.0\;C:\WINDOWS\System32\OpenSSH\;C:\Program Files\dotnet\;C:\Program Files\Git\cmd;C:\Users\ashay\AppData\Local\Microsoft\WindowsApps;C:\Users\ashay\AppData\Local\Programs\Microsoft VS Code\bin;C:\Users\ashay\.dotnet\tools;C:\Users\ashay\AppData\Local\GitHubDesktop\bin;%M2_HOME%\bin
USERNAME=ashay
OS=Windows_NT
PROCESSOR_IDENTIFIER=Intel64 Family 6 Model 126 Stepping 5, GenuineIntel
TMP=C:\Users\ashay\AppData\Local\Temp
TEMP=C:\Users\ashay\AppData\Local\Temp




---------------  S Y S T E M  ---------------

OS:
 Windows 11 , 64 bit Build 22621 (10.0.22621.1928)
OS uptime: 0 days 1:49 hours

CPU: total 8 (initial active 8) (4 cores per cpu, 2 threads per core) family 6 model 126 stepping 5 microcode 0xa6, cx8, cmov, fxsr, ht, mmx, 3dnowpref, sse, sse2, sse3, ssse3, sse4.1, sse4.2, popcnt, lzcnt, tsc, tscinvbit, avx, avx2, aes, erms, clmul, bmi1, bmi2, adx, avx512f, avx512dq, avx512cd, avx512bw, avx512vl, sha, fma, vzeroupper, avx512_vpopcntdq, avx512_vpclmulqdq, avx512_vaes, avx512_vnni, clflush, clflushopt, avx512_vbmi2, avx512_vbmi, rdtscp, rdpid, fsrm, gfni, avx512_bitalg, f16c, pku, avx512_ifma

Memory: 4k page, system-wide physical 7987M (952M free)
TotalPageFile size 7987M (AvailPageFile size 34M)
current process WorkingSet (physical memory assigned to process): 11M, peak: 11M
current process commit charge ("private bytes"): 60M, peak: 186M

vm_info: Java HotSpot(TM) 64-Bit Server VM (20+36-2344) for windows-amd64 JRE (20+36-2344), built on 2023-02-10T19:30:15Z by "mach5one" with MS VC++ 17.1 (VS2022)

END.
