#
# There is insufficient memory for the Java Runtime Environment to continue.
# Native memory allocation (malloc) failed to allocate 260144 bytes for Chunk::new
# Possible reasons:
#   The system is out of physical RAM or swap space
#   The process is running with CompressedOops enabled, and the Java Heap may be blocking the growth of the native heap
# Possible solutions:
#   Reduce memory load on the system
#   Increase physical memory or swap space
#   Check if swap backing store is full
#   Decrease Java heap size (-Xmx/-Xms)
#   Decrease number of Java threads
#   Decrease Java thread stack sizes (-Xss)
#   Set larger code cache with -XX:ReservedCodeCacheSize=
#   JVM is running with Unscaled Compressed Oops mode in which the Java heap is
#     placed in the first 4GB address space. The Java Heap base address is the
#     maximum limit for the native heap growth. Please use -XX:HeapBaseMinAddress
#     to set the Java Heap base and to place the Java Heap above 4GB virtual address.
# This output file may be truncated or incomplete.
#
#  Out of Memory Error (arena.cpp:184), pid=10864, tid=8092
#
# JRE version: Java(TM) SE Runtime Environment (20.0+36) (build 20+36-2344)
# Java VM: Java HotSpot(TM) 64-Bit Server VM (20+36-2344, mixed mode, sharing, tiered, compressed oops, compressed class ptrs, g1 gc, windows-amd64)
# No core dump will be written. Minidumps are not enabled by default on client versions of Windows
#

---------------  S U M M A R Y ------------

Command Line: -ea -javaagent:C:\Users\ashay\AppData\Local\JetBrains\IntelliJIdea2023.1\testAgent\intellij-coverage-agent-1.0.706.jar=C:\Users\ashay\AppData\Local\Temp\coverage5940args -Didea.new.sampling.coverage=true -Dcoverage.ignore.private.constructor.util.class=true -DnodeNamesHandler=org.jetbrains.plugins.cucumber.java.run.CucumberTestTreeNodeManager -Didea.test.cyclic.buffer.size=1048576 -javaagent:C:\Program Files\JetBrains\IntelliJ IDEA 2023.1.3\lib\idea_rt.jar=50495:C:\Program Files\JetBrains\IntelliJ IDEA 2023.1.3\bin -Dfile.encoding=UTF-8 -Dsun.stdout.encoding=UTF-8 -Dsun.stderr.encoding=UTF-8 com.intellij.rt.junit.JUnitStarter -ideVersion5 -junit4 Acceptance

Host: Intel(R) Core(TM) i5-1035G1 CPU @ 1.00GHz, 8 cores, 7G,  Windows 11 , 64 bit Build 22621 (10.0.22621.1928)
Time: Fri Aug  4 18:39:22 2023 West Bank Gaza Daylight Time elapsed time: 1.229088 seconds (0d 0h 0m 1s)

---------------  T H R E A D  ---------------

Current thread (0x000001e25680b1a0):  JavaThread "C2 CompilerThread2" daemon [_thread_in_native, id=8092, stack(0x000000a9dd900000,0x000000a9dda00000)]


Current CompileTask:
C2:   1229 1872       4       org.jetbrains.coverage.org.objectweb.asm.commons.LocalVariablesSorter::visitFrame (330 bytes)

Stack: [0x000000a9dd900000,0x000000a9dda00000]
Native frames: (J=compiled Java code, j=interpreted, Vv=VM code, C=native code)
V  [jvm.dll+0x6bb95a]
V  [jvm.dll+0x8483aa]
V  [jvm.dll+0x849fa5]
V  [jvm.dll+0x84a6a3]
V  [jvm.dll+0x280b0f]
V  [jvm.dll+0xc2b11]
V  [jvm.dll+0xc2e35]
V  [jvm.dll+0x3bb17c]
V  [jvm.dll+0x1e6c43]
V  [jvm.dll+0x24b3ab]
V  [jvm.dll+0x24a651]
V  [jvm.dll+0x1ce491]
V  [jvm.dll+0x259e1b]
V  [jvm.dll+0x2584f0]
V  [jvm.dll+0x3f2895]
V  [jvm.dll+0x7f4906]
V  [jvm.dll+0x6ba5cb]
C  [ucrtbase.dll+0x29363]
C  [KERNEL32.DLL+0x126ad]
C  [ntdll.dll+0x5aa68]


---------------  P R O C E S S  ---------------

Threads class SMR info:
_java_thread_list=0x000001e2578da280, length=14, elements={
0x000001e235aa0aa0, 0x000001e251e2cbf0, 0x000001e251e2d830, 0x000001e251e30240,
0x000001e251e32c80, 0x000001e251e349d0, 0x000001e251e35310, 0x000001e251e380c0,
0x000001e256809b60, 0x000001e256911530, 0x000001e25680c250, 0x000001e256b3c150,
0x000001e256b3c6a0, 0x000001e25680b1a0
}

Java Threads: ( => current thread )
  0x000001e235aa0aa0 JavaThread "main" [_thread_in_Java, id=10196, stack(0x000000a9dbf00000,0x000000a9dc000000)]
  0x000001e251e2cbf0 JavaThread "Reference Handler" daemon [_thread_blocked, id=5404, stack(0x000000a9dc600000,0x000000a9dc700000)]
  0x000001e251e2d830 JavaThread "Finalizer" daemon [_thread_blocked, id=3908, stack(0x000000a9dc700000,0x000000a9dc800000)]
  0x000001e251e30240 JavaThread "Signal Dispatcher" daemon [_thread_blocked, id=3440, stack(0x000000a9dc800000,0x000000a9dc900000)]
  0x000001e251e32c80 JavaThread "Attach Listener" daemon [_thread_blocked, id=9704, stack(0x000000a9dc900000,0x000000a9dca00000)]
  0x000001e251e349d0 JavaThread "Service Thread" daemon [_thread_blocked, id=10760, stack(0x000000a9dca00000,0x000000a9dcb00000)]
  0x000001e251e35310 JavaThread "Monitor Deflation Thread" daemon [_thread_blocked, id=2612, stack(0x000000a9dcb00000,0x000000a9dcc00000)]
  0x000001e251e380c0 JavaThread "C2 CompilerThread0" daemon [_thread_in_native, id=10236, stack(0x000000a9dcc00000,0x000000a9dcd00000)]
  0x000001e256809b60 JavaThread "C1 CompilerThread0" daemon [_thread_blocked, id=2388, stack(0x000000a9dcd00000,0x000000a9dce00000)]
  0x000001e256911530 JavaThread "Common-Cleaner" daemon [_thread_blocked, id=9832, stack(0x000000a9dce00000,0x000000a9dcf00000)]
  0x000001e25680c250 JavaThread "C2 CompilerThread1" daemon [_thread_in_native, id=6620, stack(0x000000a9dcf00000,0x000000a9dd000000)]
  0x000001e256b3c150 JavaThread "Monitor Ctrl-Break" daemon [_thread_in_native, id=12212, stack(0x000000a9dd000000,0x000000a9dd100000)]
  0x000001e256b3c6a0 JavaThread "Notification Thread" daemon [_thread_blocked, id=5440, stack(0x000000a9dd100000,0x000000a9dd200000)]
=>0x000001e25680b1a0 JavaThread "C2 CompilerThread2" daemon [_thread_in_native, id=8092, stack(0x000000a9dd900000,0x000000a9dda00000)]

Other Threads:
  0x000001e251e0d060 VMThread "VM Thread" [stack: 0x000000a9dc500000,0x000000a9dc600000] [id=1572]
  0x000001e256aabd60 WatcherThread "VM Periodic Task Thread" [stack: 0x000000a9dd200000,0x000000a9dd300000] [id=2244]
  0x000001e235b05510 WorkerThread "GC Thread#0" [stack: 0x000000a9dc000000,0x000000a9dc100000] [id=8584]
  0x000001e256c6ff20 WorkerThread "GC Thread#1" [stack: 0x000000a9dd300000,0x000000a9dd400000] [id=3428]
  0x000001e256c6f6b0 WorkerThread "GC Thread#2" [stack: 0x000000a9dd400000,0x000000a9dd500000] [id=11328]
  0x000001e256c701f0 WorkerThread "GC Thread#3" [stack: 0x000000a9dd500000,0x000000a9dd600000] [id=12916]
  0x000001e256c6e5d0 WorkerThread "GC Thread#4" [stack: 0x000000a9dd600000,0x000000a9dd700000] [id=1716]
  0x000001e256c6e8a0 WorkerThread "GC Thread#5" [stack: 0x000000a9dd700000,0x000000a9dd800000] [id=11132]
  0x000001e256c6eb70 WorkerThread "GC Thread#6" [stack: 0x000000a9dd800000,0x000000a9dd900000] [id=9300]
  0x000001e2574b6710 WorkerThread "GC Thread#7" [stack: 0x000000a9dda00000,0x000000a9ddb00000] [id=11712]
  0x000001e235aca000 ConcurrentGCThread "G1 Main Marker" [stack: 0x000000a9dc100000,0x000000a9dc200000] [id=4032]
  0x000001e235acb0d0 WorkerThread "G1 Conc#0" [stack: 0x000000a9dc200000,0x000000a9dc300000] [id=7724]
  0x000001e251cca2d0 ConcurrentGCThread "G1 Refine#0" [stack: 0x000000a9dc300000,0x000000a9dc400000] [id=6852]
  0x000001e251ccbc80 ConcurrentGCThread "G1 Service" [stack: 0x000000a9dc400000,0x000000a9dc500000] [id=4332]

Threads with active compile tasks:
C2 CompilerThread0     1246 1287       4       org.jetbrains.coverage.org.objectweb.asm.ClassReader::readCode (5089 bytes)
C2 CompilerThread1     1246 1885 %     4       org.jetbrains.coverage.org.objectweb.asm.ClassReader::computeImplicitFrame @ 325 (375 bytes)
C2 CompilerThread2     1246 1872       4       org.jetbrains.coverage.org.objectweb.asm.commons.LocalVariablesSorter::visitFrame (330 bytes)

VM state: not at safepoint (normal execution)

VM Mutex/Monitor currently owned by a thread:  ([mutex/lock_event])
[0x000001e235a9e090] MethodCompileQueue_lock - owner thread: 0x0000000000000000

Heap address: 0x0000000083200000, size: 1998 MB, Compressed Oops mode: 32-bit

CDS archive(s) mapped at: [0x0000000800000000-0x0000000800c60000-0x0000000800c60000), size 12976128, SharedBaseAddress: 0x0000000800000000, ArchiveRelocationMode: 0.
Compressed class space mapped at: 0x0000000801000000-0x0000000841000000, reserved size: 1073741824
Narrow klass base: 0x0000000800000000, Narrow klass shift: 0, Narrow klass range: 0x100000000

GC Precious Log:
 CardTable entry size: 512
 Card Set container configuration: InlinePtr #cards 5 size 8 Array Of Cards #cards 12 size 40 Howl #buckets 4 coarsen threshold 1843 Howl Bitmap #cards 512 size 80 coarsen threshold 460 Card regions per heap region 1 cards per card region 2048
 CPUs: 8 total, 8 available
 Memory: 7987M
 Large Page Support: Disabled
 NUMA Support: Disabled
 Compressed Oops: Enabled (32-bit)
 Heap Region Size: 1M
 Heap Min Capacity: 8M
 Heap Initial Capacity: 126M
 Heap Max Capacity: 1998M
 Pre-touch: Disabled
 Parallel Workers: 8
 Concurrent Workers: 2
 Concurrent Refinement Workers: 8
 Periodic GC: Disabled

Heap:
 garbage-first heap   total 129024K, used 27536K [0x0000000083200000, 0x0000000100000000)
  region size 1024K, 24 young (24576K), 3 survivors (3072K)
 Metaspace       used 7130K, committed 7296K, reserved 1114112K
  class space    used 670K, committed 768K, reserved 1048576K

Heap Regions: E=young(eden), S=young(survivor), O=old, HS=humongous(starts), HC=humongous(continues), CS=collection set, F=free, OA=open archive, CA=closed archive, TAMS=top-at-mark-start, PB=parsable bottom
|   0|0x0000000083200000, 0x0000000083300000, 0x0000000083300000|100%| O|  |TAMS 0x0000000083200000| PB 0x0000000083200000| Untracked 
|   1|0x0000000083300000, 0x0000000083400000, 0x0000000083400000|100%| O|  |TAMS 0x0000000083300000| PB 0x0000000083300000| Untracked 
|   2|0x0000000083400000, 0x0000000083500000, 0x0000000083500000|100%| O|  |TAMS 0x0000000083400000| PB 0x0000000083400000| Untracked 
|   3|0x0000000083500000, 0x0000000083600000, 0x0000000083600000|100%| O|  |TAMS 0x0000000083500000| PB 0x0000000083500000| Untracked 
|   4|0x0000000083600000, 0x0000000083631c00, 0x0000000083700000| 19%| O|  |TAMS 0x0000000083600000| PB 0x0000000083600000| Untracked 
|   5|0x0000000083700000, 0x0000000083700000, 0x0000000083800000|  0%| F|  |TAMS 0x0000000083700000| PB 0x0000000083700000| Untracked 
|   6|0x0000000083800000, 0x0000000083800000, 0x0000000083900000|  0%| F|  |TAMS 0x0000000083800000| PB 0x0000000083800000| Untracked 
|   7|0x0000000083900000, 0x0000000083900000, 0x0000000083a00000|  0%| F|  |TAMS 0x0000000083900000| PB 0x0000000083900000| Untracked 
|   8|0x0000000083a00000, 0x0000000083a00000, 0x0000000083b00000|  0%| F|  |TAMS 0x0000000083a00000| PB 0x0000000083a00000| Untracked 
|   9|0x0000000083b00000, 0x0000000083b00000, 0x0000000083c00000|  0%| F|  |TAMS 0x0000000083b00000| PB 0x0000000083b00000| Untracked 
|  10|0x0000000083c00000, 0x0000000083c00000, 0x0000000083d00000|  0%| F|  |TAMS 0x0000000083c00000| PB 0x0000000083c00000| Untracked 
|  11|0x0000000083d00000, 0x0000000083d00000, 0x0000000083e00000|  0%| F|  |TAMS 0x0000000083d00000| PB 0x0000000083d00000| Untracked 
|  12|0x0000000083e00000, 0x0000000083e00000, 0x0000000083f00000|  0%| F|  |TAMS 0x0000000083e00000| PB 0x0000000083e00000| Untracked 
|  13|0x0000000083f00000, 0x0000000083f00000, 0x0000000084000000|  0%| F|  |TAMS 0x0000000083f00000| PB 0x0000000083f00000| Untracked 
|  14|0x0000000084000000, 0x0000000084000000, 0x0000000084100000|  0%| F|  |TAMS 0x0000000084000000| PB 0x0000000084000000| Untracked 
|  15|0x0000000084100000, 0x0000000084100000, 0x0000000084200000|  0%| F|  |TAMS 0x0000000084100000| PB 0x0000000084100000| Untracked 
|  16|0x0000000084200000, 0x0000000084200000, 0x0000000084300000|  0%| F|  |TAMS 0x0000000084200000| PB 0x0000000084200000| Untracked 
|  17|0x0000000084300000, 0x0000000084300000, 0x0000000084400000|  0%| F|  |TAMS 0x0000000084300000| PB 0x0000000084300000| Untracked 
|  18|0x0000000084400000, 0x0000000084400000, 0x0000000084500000|  0%| F|  |TAMS 0x0000000084400000| PB 0x0000000084400000| Untracked 
|  19|0x0000000084500000, 0x0000000084500000, 0x0000000084600000|  0%| F|  |TAMS 0x0000000084500000| PB 0x0000000084500000| Untracked 
|  20|0x0000000084600000, 0x0000000084600000, 0x0000000084700000|  0%| F|  |TAMS 0x0000000084600000| PB 0x0000000084600000| Untracked 
|  21|0x0000000084700000, 0x0000000084700000, 0x0000000084800000|  0%| F|  |TAMS 0x0000000084700000| PB 0x0000000084700000| Untracked 
|  22|0x0000000084800000, 0x0000000084800000, 0x0000000084900000|  0%| F|  |TAMS 0x0000000084800000| PB 0x0000000084800000| Untracked 
|  23|0x0000000084900000, 0x0000000084900000, 0x0000000084a00000|  0%| F|  |TAMS 0x0000000084900000| PB 0x0000000084900000| Untracked 
|  24|0x0000000084a00000, 0x0000000084a00000, 0x0000000084b00000|  0%| F|  |TAMS 0x0000000084a00000| PB 0x0000000084a00000| Untracked 
|  25|0x0000000084b00000, 0x0000000084b00000, 0x0000000084c00000|  0%| F|  |TAMS 0x0000000084b00000| PB 0x0000000084b00000| Untracked 
|  26|0x0000000084c00000, 0x0000000084c00000, 0x0000000084d00000|  0%| F|  |TAMS 0x0000000084c00000| PB 0x0000000084c00000| Untracked 
|  27|0x0000000084d00000, 0x0000000084d00000, 0x0000000084e00000|  0%| F|  |TAMS 0x0000000084d00000| PB 0x0000000084d00000| Untracked 
|  28|0x0000000084e00000, 0x0000000084e00000, 0x0000000084f00000|  0%| F|  |TAMS 0x0000000084e00000| PB 0x0000000084e00000| Untracked 
|  29|0x0000000084f00000, 0x0000000084f00000, 0x0000000085000000|  0%| F|  |TAMS 0x0000000084f00000| PB 0x0000000084f00000| Untracked 
|  30|0x0000000085000000, 0x0000000085000000, 0x0000000085100000|  0%| F|  |TAMS 0x0000000085000000| PB 0x0000000085000000| Untracked 
|  31|0x0000000085100000, 0x0000000085100000, 0x0000000085200000|  0%| F|  |TAMS 0x0000000085100000| PB 0x0000000085100000| Untracked 
|  32|0x0000000085200000, 0x0000000085200000, 0x0000000085300000|  0%| F|  |TAMS 0x0000000085200000| PB 0x0000000085200000| Untracked 
|  33|0x0000000085300000, 0x0000000085300000, 0x0000000085400000|  0%| F|  |TAMS 0x0000000085300000| PB 0x0000000085300000| Untracked 
|  34|0x0000000085400000, 0x0000000085400000, 0x0000000085500000|  0%| F|  |TAMS 0x0000000085400000| PB 0x0000000085400000| Untracked 
|  35|0x0000000085500000, 0x0000000085500000, 0x0000000085600000|  0%| F|  |TAMS 0x0000000085500000| PB 0x0000000085500000| Untracked 
|  36|0x0000000085600000, 0x0000000085600000, 0x0000000085700000|  0%| F|  |TAMS 0x0000000085600000| PB 0x0000000085600000| Untracked 
|  37|0x0000000085700000, 0x0000000085700000, 0x0000000085800000|  0%| F|  |TAMS 0x0000000085700000| PB 0x0000000085700000| Untracked 
|  38|0x0000000085800000, 0x0000000085800000, 0x0000000085900000|  0%| F|  |TAMS 0x0000000085800000| PB 0x0000000085800000| Untracked 
|  39|0x0000000085900000, 0x0000000085900000, 0x0000000085a00000|  0%| F|  |TAMS 0x0000000085900000| PB 0x0000000085900000| Untracked 
|  40|0x0000000085a00000, 0x0000000085a00000, 0x0000000085b00000|  0%| F|  |TAMS 0x0000000085a00000| PB 0x0000000085a00000| Untracked 
|  41|0x0000000085b00000, 0x0000000085b00000, 0x0000000085c00000|  0%| F|  |TAMS 0x0000000085b00000| PB 0x0000000085b00000| Untracked 
|  42|0x0000000085c00000, 0x0000000085c00000, 0x0000000085d00000|  0%| F|  |TAMS 0x0000000085c00000| PB 0x0000000085c00000| Untracked 
|  43|0x0000000085d00000, 0x0000000085d00000, 0x0000000085e00000|  0%| F|  |TAMS 0x0000000085d00000| PB 0x0000000085d00000| Untracked 
|  44|0x0000000085e00000, 0x0000000085e00000, 0x0000000085f00000|  0%| F|  |TAMS 0x0000000085e00000| PB 0x0000000085e00000| Untracked 
|  45|0x0000000085f00000, 0x0000000085f00000, 0x0000000086000000|  0%| F|  |TAMS 0x0000000085f00000| PB 0x0000000085f00000| Untracked 
|  46|0x0000000086000000, 0x0000000086000000, 0x0000000086100000|  0%| F|  |TAMS 0x0000000086000000| PB 0x0000000086000000| Untracked 
|  47|0x0000000086100000, 0x0000000086100000, 0x0000000086200000|  0%| F|  |TAMS 0x0000000086100000| PB 0x0000000086100000| Untracked 
|  48|0x0000000086200000, 0x0000000086200000, 0x0000000086300000|  0%| F|  |TAMS 0x0000000086200000| PB 0x0000000086200000| Untracked 
|  49|0x0000000086300000, 0x0000000086300000, 0x0000000086400000|  0%| F|  |TAMS 0x0000000086300000| PB 0x0000000086300000| Untracked 
|  50|0x0000000086400000, 0x0000000086400000, 0x0000000086500000|  0%| F|  |TAMS 0x0000000086400000| PB 0x0000000086400000| Untracked 
|  51|0x0000000086500000, 0x0000000086500000, 0x0000000086600000|  0%| F|  |TAMS 0x0000000086500000| PB 0x0000000086500000| Untracked 
|  52|0x0000000086600000, 0x0000000086600000, 0x0000000086700000|  0%| F|  |TAMS 0x0000000086600000| PB 0x0000000086600000| Untracked 
|  53|0x0000000086700000, 0x0000000086700000, 0x0000000086800000|  0%| F|  |TAMS 0x0000000086700000| PB 0x0000000086700000| Untracked 
|  54|0x0000000086800000, 0x0000000086800000, 0x0000000086900000|  0%| F|  |TAMS 0x0000000086800000| PB 0x0000000086800000| Untracked 
|  55|0x0000000086900000, 0x0000000086900000, 0x0000000086a00000|  0%| F|  |TAMS 0x0000000086900000| PB 0x0000000086900000| Untracked 
|  56|0x0000000086a00000, 0x0000000086a00000, 0x0000000086b00000|  0%| F|  |TAMS 0x0000000086a00000| PB 0x0000000086a00000| Untracked 
|  57|0x0000000086b00000, 0x0000000086b00000, 0x0000000086c00000|  0%| F|  |TAMS 0x0000000086b00000| PB 0x0000000086b00000| Untracked 
|  58|0x0000000086c00000, 0x0000000086c00000, 0x0000000086d00000|  0%| F|  |TAMS 0x0000000086c00000| PB 0x0000000086c00000| Untracked 
|  59|0x0000000086d00000, 0x0000000086d00000, 0x0000000086e00000|  0%| F|  |TAMS 0x0000000086d00000| PB 0x0000000086d00000| Untracked 
|  60|0x0000000086e00000, 0x0000000086e00000, 0x0000000086f00000|  0%| F|  |TAMS 0x0000000086e00000| PB 0x0000000086e00000| Untracked 
|  61|0x0000000086f00000, 0x0000000086f00000, 0x0000000087000000|  0%| F|  |TAMS 0x0000000086f00000| PB 0x0000000086f00000| Untracked 
|  62|0x0000000087000000, 0x0000000087000000, 0x0000000087100000|  0%| F|  |TAMS 0x0000000087000000| PB 0x0000000087000000| Untracked 
|  63|0x0000000087100000, 0x0000000087100000, 0x0000000087200000|  0%| F|  |TAMS 0x0000000087100000| PB 0x0000000087100000| Untracked 
|  64|0x0000000087200000, 0x0000000087200000, 0x0000000087300000|  0%| F|  |TAMS 0x0000000087200000| PB 0x0000000087200000| Untracked 
|  65|0x0000000087300000, 0x0000000087300000, 0x0000000087400000|  0%| F|  |TAMS 0x0000000087300000| PB 0x0000000087300000| Untracked 
|  66|0x0000000087400000, 0x0000000087400000, 0x0000000087500000|  0%| F|  |TAMS 0x0000000087400000| PB 0x0000000087400000| Untracked 
|  67|0x0000000087500000, 0x0000000087500000, 0x0000000087600000|  0%| F|  |TAMS 0x0000000087500000| PB 0x0000000087500000| Untracked 
|  68|0x0000000087600000, 0x0000000087600000, 0x0000000087700000|  0%| F|  |TAMS 0x0000000087600000| PB 0x0000000087600000| Untracked 
|  69|0x0000000087700000, 0x0000000087700000, 0x0000000087800000|  0%| F|  |TAMS 0x0000000087700000| PB 0x0000000087700000| Untracked 
|  70|0x0000000087800000, 0x0000000087800000, 0x0000000087900000|  0%| F|  |TAMS 0x0000000087800000| PB 0x0000000087800000| Untracked 
|  71|0x0000000087900000, 0x0000000087900000, 0x0000000087a00000|  0%| F|  |TAMS 0x0000000087900000| PB 0x0000000087900000| Untracked 
|  72|0x0000000087a00000, 0x0000000087a00000, 0x0000000087b00000|  0%| F|  |TAMS 0x0000000087a00000| PB 0x0000000087a00000| Untracked 
|  73|0x0000000087b00000, 0x0000000087b00000, 0x0000000087c00000|  0%| F|  |TAMS 0x0000000087b00000| PB 0x0000000087b00000| Untracked 
|  74|0x0000000087c00000, 0x0000000087c00000, 0x0000000087d00000|  0%| F|  |TAMS 0x0000000087c00000| PB 0x0000000087c00000| Untracked 
|  75|0x0000000087d00000, 0x0000000087d00000, 0x0000000087e00000|  0%| F|  |TAMS 0x0000000087d00000| PB 0x0000000087d00000| Untracked 
|  76|0x0000000087e00000, 0x0000000087e00000, 0x0000000087f00000|  0%| F|  |TAMS 0x0000000087e00000| PB 0x0000000087e00000| Untracked 
|  77|0x0000000087f00000, 0x0000000087f00000, 0x0000000088000000|  0%| F|  |TAMS 0x0000000087f00000| PB 0x0000000087f00000| Untracked 
|  78|0x0000000088000000, 0x0000000088000000, 0x0000000088100000|  0%| F|  |TAMS 0x0000000088000000| PB 0x0000000088000000| Untracked 
|  79|0x0000000088100000, 0x0000000088100000, 0x0000000088200000|  0%| F|  |TAMS 0x0000000088100000| PB 0x0000000088100000| Untracked 
|  80|0x0000000088200000, 0x0000000088200000, 0x0000000088300000|  0%| F|  |TAMS 0x0000000088200000| PB 0x0000000088200000| Untracked 
|  81|0x0000000088300000, 0x0000000088300000, 0x0000000088400000|  0%| F|  |TAMS 0x0000000088300000| PB 0x0000000088300000| Untracked 
|  82|0x0000000088400000, 0x0000000088400000, 0x0000000088500000|  0%| F|  |TAMS 0x0000000088400000| PB 0x0000000088400000| Untracked 
|  83|0x0000000088500000, 0x0000000088500000, 0x0000000088600000|  0%| F|  |TAMS 0x0000000088500000| PB 0x0000000088500000| Untracked 
|  84|0x0000000088600000, 0x0000000088600000, 0x0000000088700000|  0%| F|  |TAMS 0x0000000088600000| PB 0x0000000088600000| Untracked 
|  85|0x0000000088700000, 0x0000000088700000, 0x0000000088800000|  0%| F|  |TAMS 0x0000000088700000| PB 0x0000000088700000| Untracked 
|  86|0x0000000088800000, 0x0000000088800000, 0x0000000088900000|  0%| F|  |TAMS 0x0000000088800000| PB 0x0000000088800000| Untracked 
|  87|0x0000000088900000, 0x0000000088900000, 0x0000000088a00000|  0%| F|  |TAMS 0x0000000088900000| PB 0x0000000088900000| Untracked 
|  88|0x0000000088a00000, 0x0000000088a00000, 0x0000000088b00000|  0%| F|  |TAMS 0x0000000088a00000| PB 0x0000000088a00000| Untracked 
|  89|0x0000000088b00000, 0x0000000088b00000, 0x0000000088c00000|  0%| F|  |TAMS 0x0000000088b00000| PB 0x0000000088b00000| Untracked 
|  90|0x0000000088c00000, 0x0000000088cb2728, 0x0000000088d00000| 69%| S|CS|TAMS 0x0000000088c00000| PB 0x0000000088c00000| Complete 
|  91|0x0000000088d00000, 0x0000000088e00000, 0x0000000088e00000|100%| S|CS|TAMS 0x0000000088d00000| PB 0x0000000088d00000| Complete 
|  92|0x0000000088e00000, 0x0000000088f00000, 0x0000000088f00000|100%| S|CS|TAMS 0x0000000088e00000| PB 0x0000000088e00000| Complete 
|  93|0x0000000088f00000, 0x0000000088f00000, 0x0000000089000000|  0%| F|  |TAMS 0x0000000088f00000| PB 0x0000000088f00000| Untracked 
|  94|0x0000000089000000, 0x0000000089000000, 0x0000000089100000|  0%| F|  |TAMS 0x0000000089000000| PB 0x0000000089000000| Untracked 
|  95|0x0000000089100000, 0x0000000089100000, 0x0000000089200000|  0%| F|  |TAMS 0x0000000089100000| PB 0x0000000089100000| Untracked 
|  96|0x0000000089200000, 0x0000000089200000, 0x0000000089300000|  0%| F|  |TAMS 0x0000000089200000| PB 0x0000000089200000| Untracked 
|  97|0x0000000089300000, 0x0000000089300000, 0x0000000089400000|  0%| F|  |TAMS 0x0000000089300000| PB 0x0000000089300000| Untracked 
|  98|0x0000000089400000, 0x0000000089400000, 0x0000000089500000|  0%| F|  |TAMS 0x0000000089400000| PB 0x0000000089400000| Untracked 
|  99|0x0000000089500000, 0x0000000089500000, 0x0000000089600000|  0%| F|  |TAMS 0x0000000089500000| PB 0x0000000089500000| Untracked 
| 100|0x0000000089600000, 0x0000000089600000, 0x0000000089700000|  0%| F|  |TAMS 0x0000000089600000| PB 0x0000000089600000| Untracked 
| 101|0x0000000089700000, 0x0000000089700000, 0x0000000089800000|  0%| F|  |TAMS 0x0000000089700000| PB 0x0000000089700000| Untracked 
| 102|0x0000000089800000, 0x0000000089800000, 0x0000000089900000|  0%| F|  |TAMS 0x0000000089800000| PB 0x0000000089800000| Untracked 
| 103|0x0000000089900000, 0x0000000089900000, 0x0000000089a00000|  0%| F|  |TAMS 0x0000000089900000| PB 0x0000000089900000| Untracked 
| 104|0x0000000089a00000, 0x0000000089a00000, 0x0000000089b00000|  0%| F|  |TAMS 0x0000000089a00000| PB 0x0000000089a00000| Untracked 
| 105|0x0000000089b00000, 0x0000000089c00000, 0x0000000089c00000|100%| E|  |TAMS 0x0000000089b00000| PB 0x0000000089b00000| Complete 
| 106|0x0000000089c00000, 0x0000000089d00000, 0x0000000089d00000|100%| E|CS|TAMS 0x0000000089c00000| PB 0x0000000089c00000| Complete 
| 107|0x0000000089d00000, 0x0000000089e00000, 0x0000000089e00000|100%| E|CS|TAMS 0x0000000089d00000| PB 0x0000000089d00000| Complete 
| 108|0x0000000089e00000, 0x0000000089f00000, 0x0000000089f00000|100%| E|CS|TAMS 0x0000000089e00000| PB 0x0000000089e00000| Complete 
| 109|0x0000000089f00000, 0x000000008a000000, 0x000000008a000000|100%| E|CS|TAMS 0x0000000089f00000| PB 0x0000000089f00000| Complete 
| 110|0x000000008a000000, 0x000000008a100000, 0x000000008a100000|100%| E|CS|TAMS 0x000000008a000000| PB 0x000000008a000000| Complete 
| 111|0x000000008a100000, 0x000000008a200000, 0x000000008a200000|100%| E|CS|TAMS 0x000000008a100000| PB 0x000000008a100000| Complete 
| 112|0x000000008a200000, 0x000000008a300000, 0x000000008a300000|100%| E|CS|TAMS 0x000000008a200000| PB 0x000000008a200000| Complete 
| 113|0x000000008a300000, 0x000000008a400000, 0x000000008a400000|100%| E|CS|TAMS 0x000000008a300000| PB 0x000000008a300000| Complete 
| 114|0x000000008a400000, 0x000000008a500000, 0x000000008a500000|100%| E|CS|TAMS 0x000000008a400000| PB 0x000000008a400000| Complete 
| 115|0x000000008a500000, 0x000000008a600000, 0x000000008a600000|100%| E|CS|TAMS 0x000000008a500000| PB 0x000000008a500000| Complete 
| 116|0x000000008a600000, 0x000000008a700000, 0x000000008a700000|100%| E|CS|TAMS 0x000000008a600000| PB 0x000000008a600000| Complete 
| 117|0x000000008a700000, 0x000000008a800000, 0x000000008a800000|100%| E|CS|TAMS 0x000000008a700000| PB 0x000000008a700000| Complete 
| 118|0x000000008a800000, 0x000000008a900000, 0x000000008a900000|100%| E|CS|TAMS 0x000000008a800000| PB 0x000000008a800000| Complete 
| 119|0x000000008a900000, 0x000000008aa00000, 0x000000008aa00000|100%| E|CS|TAMS 0x000000008a900000| PB 0x000000008a900000| Complete 
| 120|0x000000008aa00000, 0x000000008ab00000, 0x000000008ab00000|100%| E|CS|TAMS 0x000000008aa00000| PB 0x000000008aa00000| Complete 
| 121|0x000000008ab00000, 0x000000008ac00000, 0x000000008ac00000|100%| E|CS|TAMS 0x000000008ab00000| PB 0x000000008ab00000| Complete 
| 122|0x000000008ac00000, 0x000000008ad00000, 0x000000008ad00000|100%| E|CS|TAMS 0x000000008ac00000| PB 0x000000008ac00000| Complete 
| 123|0x000000008ad00000, 0x000000008ae00000, 0x000000008ae00000|100%| E|CS|TAMS 0x000000008ad00000| PB 0x000000008ad00000| Complete 
| 124|0x000000008ae00000, 0x000000008af00000, 0x000000008af00000|100%| E|CS|TAMS 0x000000008ae00000| PB 0x000000008ae00000| Complete 
| 125|0x000000008af00000, 0x000000008b000000, 0x000000008b000000|100%| E|CS|TAMS 0x000000008af00000| PB 0x000000008af00000| Complete 

Card table byte_map: [0x000001e24d270000,0x000001e24d660000] _byte_map_base: 0x000001e24ce57000

Marking Bits: (CMBitMap*) 0x000001e235ac9990
 Bits: [0x000001e24da50000, 0x000001e24f988000)

Polling page: 0x000001e235260000

Metaspace:

Usage:
  Non-class:      6.31 MB used.
      Class:    671.55 KB used.
       Both:      6.97 MB used.

Virtual space:
  Non-class space:       64.00 MB reserved,       6.38 MB ( 10%) committed,  1 nodes.
      Class space:        1.00 GB reserved,     768.00 KB ( <1%) committed,  1 nodes.
             Both:        1.06 GB reserved,       7.12 MB ( <1%) committed. 

Chunk freelists:
   Non-Class:  1.58 MB
       Class:  3.11 MB
        Both:  4.69 MB

MaxMetaspaceSize: unlimited
CompressedClassSpaceSize: 1.00 GB
Initial GC threshold: 21.00 MB
Current GC threshold: 21.00 MB
CDS: on
MetaspaceReclaimPolicy: balanced
 - commit_granule_bytes: 65536.
 - commit_granule_words: 8192.
 - virtual_space_node_default_size: 8388608.
 - enlarge_chunks_in_place: 1.
 - new_chunks_are_fully_committed: 0.
 - uncommit_free_chunks: 1.
 - use_allocation_guard: 0.


Internal statistics:

num_allocs_failed_limit: 0.
num_arena_births: 94.
num_arena_deaths: 0.
num_vsnodes_births: 2.
num_vsnodes_deaths: 0.
num_space_committed: 114.
num_space_uncommitted: 0.
num_chunks_returned_to_freelist: 0.
num_chunks_taken_from_freelist: 226.
num_chunk_merges: 0.
num_chunk_splits: 152.
num_chunks_enlarged: 113.
num_inconsistent_stats: 0.

CodeHeap 'non-profiled nmethods': size=120000Kb used=871Kb max_used=871Kb free=119128Kb
 bounds [0x000001e245620000, 0x000001e245890000, 0x000001e24cb50000]
CodeHeap 'profiled nmethods': size=120000Kb used=3961Kb max_used=3961Kb free=116038Kb
 bounds [0x000001e23db50000, 0x000001e23df30000, 0x000001e245080000]
CodeHeap 'non-nmethods': size=5760Kb used=1534Kb max_used=1563Kb free=4225Kb
 bounds [0x000001e245080000, 0x000001e2452f0000, 0x000001e245620000]
 total_blobs=2348 nmethods=1880 adapters=379
 compilation: enabled
              stopped_count=0, restarted_count=0
 full_count=0

Compilation events (20 events):
Event: 1.205 Thread 0x000001e256809b60 1875       3       org.jetbrains.coverage.org.objectweb.asm.MethodWriter::computeAllFrames (510 bytes)
Event: 1.206 Thread 0x000001e256809b60 nmethod 1875 0x000001e23df23a10 code [0x000001e23df23d40, 0x000001e23df25190]
Event: 1.207 Thread 0x000001e256809b60 1876       3       org.jetbrains.coverage.org.objectweb.asm.SymbolTable::putBootstrapMethods (56 bytes)
Event: 1.208 Thread 0x000001e256809b60 nmethod 1876 0x000001e23df25c90 code [0x000001e23df25e60, 0x000001e23df26120]
Event: 1.213 Thread 0x000001e256809b60 1877       3       org.jetbrains.coverage.org.objectweb.asm.Frame::accept (264 bytes)
Event: 1.214 Thread 0x000001e256809b60 nmethod 1877 0x000001e23df26310 code [0x000001e23df26520, 0x000001e23df26e38]
Event: 1.215 Thread 0x000001e25680c250 nmethod 1869 0x000001e2456f4d90 code [0x000001e2456f4fc0, 0x000001e2456f5fa0]
Event: 1.215 Thread 0x000001e25680c250 1873 %     4       org.jetbrains.coverage.org.objectweb.asm.ClassReader::<init> @ 76 (339 bytes)
Event: 1.220 Thread 0x000001e25680c250 nmethod 1873% 0x000001e2456f6a90 code [0x000001e2456f6c20, 0x000001e2456f7270]
Event: 1.220 Thread 0x000001e25680c250 1874       4       org.jetbrains.coverage.org.objectweb.asm.commons.LocalVariablesSorter::setFrameLocal (51 bytes)
Event: 1.222 Thread 0x000001e256809b60 1879       3       org.jetbrains.coverage.org.objectweb.asm.Frame::getAbstractTypeFromDescriptor (415 bytes)
Event: 1.223 Thread 0x000001e256809b60 nmethod 1879 0x000001e23df27210 code [0x000001e23df275a0, 0x000001e23df29108]
Event: 1.223 Thread 0x000001e256809b60 1883       3       org.jetbrains.coverage.org.objectweb.asm.Type::getTypeInternal (199 bytes)
Event: 1.224 Thread 0x000001e256809b60 nmethod 1883 0x000001e23df29a10 code [0x000001e23df29ce0, 0x000001e23df2ab90]
Event: 1.224 Thread 0x000001e256809b60 1884       3       org.jetbrains.coverage.org.objectweb.asm.commons.LocalVariablesSorter::visitLocalVariable (26 bytes)
Event: 1.224 Thread 0x000001e25680c250 nmethod 1874 0x000001e2456f7590 code [0x000001e2456f7720, 0x000001e2456f7cd0]
Event: 1.224 Thread 0x000001e256809b60 nmethod 1884 0x000001e23df2b010 code [0x000001e23df2b1e0, 0x000001e23df2b568]
Event: 1.224 Thread 0x000001e256809b60 1881       3       org.jetbrains.coverage.org.objectweb.asm.Type::getType (10 bytes)
Event: 1.225 Thread 0x000001e25680c250 1882       4       org.jetbrains.coverage.org.objectweb.asm.MethodWriter::putFrame (549 bytes)
Event: 1.225 Thread 0x000001e256809b60 nmethod 1881 0x000001e23df2b790 code [0x000001e23df2b940, 0x000001e23df2bb68]

GC Heap History (4 events):
Event: 0.607 GC heap before
{Heap before GC invocations=0 (full 0):
 garbage-first heap   total 129024K, used 22528K [0x0000000083200000, 0x0000000100000000)
  region size 1024K, 23 young (23552K), 0 survivors (0K)
 Metaspace       used 3696K, committed 3840K, reserved 1114112K
  class space    used 347K, committed 448K, reserved 1048576K
}
Event: 0.613 GC heap after
{Heap after GC invocations=1 (full 0):
 garbage-first heap   total 129024K, used 4267K [0x0000000083200000, 0x0000000100000000)
  region size 1024K, 3 young (3072K), 3 survivors (3072K)
 Metaspace       used 3696K, committed 3840K, reserved 1114112K
  class space    used 347K, committed 448K, reserved 1048576K
}
Event: 1.107 GC heap before
{Heap before GC invocations=1 (full 0):
 garbage-first heap   total 129024K, used 34987K [0x0000000083200000, 0x0000000100000000)
  region size 1024K, 33 young (33792K), 3 survivors (3072K)
 Metaspace       used 6286K, committed 6464K, reserved 1114112K
  class space    used 611K, committed 704K, reserved 1048576K
}
Event: 1.114 GC heap after
{Heap after GC invocations=2 (full 0):
 garbage-first heap   total 129024K, used 7056K [0x0000000083200000, 0x0000000100000000)
  region size 1024K, 3 young (3072K), 3 survivors (3072K)
 Metaspace       used 6286K, committed 6464K, reserved 1114112K
  class space    used 611K, committed 704K, reserved 1048576K
}

Dll operation events (11 events):
Event: 0.008 Loaded shared library C:\Program Files\Java\jdk-20\bin\java.dll
Event: 0.008 Loaded shared library C:\Program Files\Java\jdk-20\bin\zip.dll
Event: 0.022 Loaded shared library C:\Program Files\Java\jdk-20\bin\jsvml.dll
Event: 0.096 Loaded shared library C:\Program Files\Java\jdk-20\bin\instrument.dll
Event: 0.117 Loaded shared library C:\Program Files\Java\jdk-20\bin\zip.dll
Event: 0.121 Loaded shared library C:\Program Files\Java\jdk-20\bin\jimage.dll
Event: 0.184 Loaded shared library C:\Program Files\Java\jdk-20\bin\net.dll
Event: 0.186 Loaded shared library C:\Program Files\Java\jdk-20\bin\nio.dll
Event: 0.191 Loaded shared library C:\Program Files\JetBrains\IntelliJ IDEA 2023.1.3\bin\breakgen64.dll
Event: 0.199 Loaded shared library C:\Program Files\Java\jdk-20\bin\extnet.dll
Event: 0.221 Loaded shared library C:\Program Files\Java\jdk-20\bin\verify.dll

Deoptimization events (20 events):
Event: 1.204 Thread 0x000001e235aa0aa0 Uncommon trap: trap_request=0xffffff45 fr.pc=0x000001e2456d12a8 relative=0x0000000000003528
Event: 1.204 Thread 0x000001e235aa0aa0 Uncommon trap: reason=unstable_if action=reinterpret pc=0x000001e2456d12a8 method=org.jetbrains.coverage.org.objectweb.asm.Frame.setInputFrameFromDescriptor(Lorg/jetbrains/coverage/org/objectweb/asm/SymbolTable;ILjava/lang/String;I)V @ 131 c2
Event: 1.204 Thread 0x000001e235aa0aa0 DEOPT PACKING pc=0x000001e2456d12a8 sp=0x000000a9dbff6b20
Event: 1.204 Thread 0x000001e235aa0aa0 DEOPT UNPACKING pc=0x000001e24509d2a2 sp=0x000000a9dbff6a48 mode 2
Event: 1.212 Thread 0x000001e235aa0aa0 Uncommon trap: trap_request=0xffffff45 fr.pc=0x000001e2456a16e0 relative=0x0000000000000b20
Event: 1.212 Thread 0x000001e235aa0aa0 Uncommon trap: reason=unstable_if action=reinterpret pc=0x000001e2456a16e0 method=org.jetbrains.coverage.org.objectweb.asm.Frame.accept(Lorg/jetbrains/coverage/org/objectweb/asm/MethodWriter;)V @ 109 c2
Event: 1.212 Thread 0x000001e235aa0aa0 DEOPT PACKING pc=0x000001e2456a16e0 sp=0x000000a9dbff6a80
Event: 1.212 Thread 0x000001e235aa0aa0 DEOPT UNPACKING pc=0x000001e24509d2a2 sp=0x000000a9dbff6a20 mode 2
Event: 1.221 Thread 0x000001e235aa0aa0 Uncommon trap: trap_request=0xffffff45 fr.pc=0x000001e2456d4b8c relative=0x000000000000026c
Event: 1.221 Thread 0x000001e235aa0aa0 Uncommon trap: reason=unstable_if action=reinterpret pc=0x000001e2456d4b8c method=org.jetbrains.coverage.org.objectweb.asm.Type.getTypeInternal(Ljava/lang/String;II)Lorg/jetbrains/coverage/org/objectweb/asm/Type; @ 5 c2
Event: 1.221 Thread 0x000001e235aa0aa0 DEOPT PACKING pc=0x000001e2456d4b8c sp=0x000000a9dbff6b30
Event: 1.221 Thread 0x000001e235aa0aa0 DEOPT UNPACKING pc=0x000001e24509d2a2 sp=0x000000a9dbff6ac8 mode 2
Event: 1.221 Thread 0x000001e235aa0aa0 Uncommon trap: trap_request=0xffffff45 fr.pc=0x000001e2456f44ac relative=0x00000000000005ec
Event: 1.221 Thread 0x000001e235aa0aa0 Uncommon trap: reason=unstable_if action=reinterpret pc=0x000001e2456f44ac method=org.jetbrains.coverage.org.objectweb.asm.Type.getTypeInternal(Ljava/lang/String;II)Lorg/jetbrains/coverage/org/objectweb/asm/Type; @ 5 c2
Event: 1.221 Thread 0x000001e235aa0aa0 DEOPT PACKING pc=0x000001e2456f44ac sp=0x000000a9dbff6b80
Event: 1.221 Thread 0x000001e235aa0aa0 DEOPT UNPACKING pc=0x000001e24509d2a2 sp=0x000000a9dbff6a70 mode 2
Event: 1.221 Thread 0x000001e235aa0aa0 Uncommon trap: trap_request=0xffffff45 fr.pc=0x000001e2456f5bf8 relative=0x0000000000000c38
Event: 1.221 Thread 0x000001e235aa0aa0 Uncommon trap: reason=unstable_if action=reinterpret pc=0x000001e2456f5bf8 method=org.jetbrains.coverage.org.objectweb.asm.Frame.getAbstractTypeFromDescriptor(Lorg/jetbrains/coverage/org/objectweb/asm/SymbolTable;Ljava/lang/String;I)I @ 5 c2
Event: 1.221 Thread 0x000001e235aa0aa0 DEOPT PACKING pc=0x000001e2456f5bf8 sp=0x000000a9dbff6930
Event: 1.221 Thread 0x000001e235aa0aa0 DEOPT UNPACKING pc=0x000001e24509d2a2 sp=0x000000a9dbff68f0 mode 2

Classes loaded (20 events):
Event: 1.206 Loading class io/cucumber/core/internal/com/fasterxml/jackson/databind/JsonSerializable$Base
Event: 1.206 Loading class io/cucumber/core/internal/com/fasterxml/jackson/databind/JsonSerializable$Base done
Event: 1.207 Loading class io/cucumber/core/internal/com/fasterxml/jackson/databind/JsonSerializable
Event: 1.207 Loading class io/cucumber/core/internal/com/fasterxml/jackson/databind/JsonSerializable done
Event: 1.208 Loading class io/cucumber/core/internal/com/fasterxml/jackson/databind/node/NullNode
Event: 1.208 Loading class io/cucumber/core/internal/com/fasterxml/jackson/databind/node/NullNode done
Event: 1.209 Loading class io/cucumber/core/internal/com/fasterxml/jackson/databind/node/ValueNode
Event: 1.209 Loading class io/cucumber/core/internal/com/fasterxml/jackson/databind/node/ValueNode done
Event: 1.210 Loading class io/cucumber/core/internal/com/fasterxml/jackson/databind/node/BaseJsonNode
Event: 1.210 Loading class io/cucumber/core/internal/com/fasterxml/jackson/databind/node/BaseJsonNode done
Event: 1.211 Loading class io/cucumber/core/internal/com/fasterxml/jackson/core/JsonParser
Event: 1.211 Loading class io/cucumber/core/internal/com/fasterxml/jackson/core/JsonParser done
Event: 1.215 Loading class io/cucumber/core/internal/com/fasterxml/jackson/databind/node/TreeTraversingParser
Event: 1.215 Loading class io/cucumber/core/internal/com/fasterxml/jackson/databind/node/TreeTraversingParser done
Event: 1.217 Loading class io/cucumber/core/internal/com/fasterxml/jackson/core/base/ParserMinimalBase
Event: 1.217 Loading class io/cucumber/core/internal/com/fasterxml/jackson/core/base/ParserMinimalBase done
Event: 1.220 Loading class io/cucumber/core/internal/com/fasterxml/jackson/core/JsonGenerator
Event: 1.220 Loading class io/cucumber/core/internal/com/fasterxml/jackson/core/JsonGenerator done
Event: 1.225 Loading class io/cucumber/core/internal/com/fasterxml/jackson/databind/util/TokenBuffer
Event: 1.225 Loading class io/cucumber/core/internal/com/fasterxml/jackson/databind/util/TokenBuffer done

Classes unloaded (0 events):
No events

Classes redefined (0 events):
No events

Internal exceptions (20 events):
Event: 0.178 Thread 0x000001e235aa0aa0 Exception <a 'java/lang/NoSuchMethodError'{0x000000008ab173e8}: 'int java.lang.invoke.DirectMethodHandle$Holder.invokeSpecial(java.lang.Object, java.lang.Object, java.lang.Object)'> (0x000000008ab173e8) 
thrown [s\open\src\hotspot\share\interpreter\linkResolver.cpp, line 773]
Event: 0.200 Thread 0x000001e256b3c150 Exception <a 'java/lang/NoSuchMethodError'{0x000000008aa341c0}: 'void java.lang.invoke.DirectMethodHandle$Holder.invokeStatic(java.lang.Object, java.lang.Object)'> (0x000000008aa341c0) 
thrown [s\open\src\hotspot\share\interpreter\linkResolver.cpp, line 773]
Event: 0.273 Thread 0x000001e235aa0aa0 Exception <a 'java/io/FileNotFoundException'{0x000000008a76bd80}> (0x000000008a76bd80) 
thrown [s\open\src\hotspot\share\prims\jni.cpp, line 519]
Event: 0.437 Thread 0x000001e235aa0aa0 Exception <a 'java/lang/NoSuchMethodError'{0x000000008a138a20}: 'java.lang.Object java.lang.invoke.DirectMethodHandle$Holder.invokeInterface(java.lang.Object, java.lang.Object)'> (0x000000008a138a20) 
thrown [s\open\src\hotspot\share\interpreter\linkResolver.cpp, line 773]
Event: 0.438 Thread 0x000001e235aa0aa0 Exception <a 'java/lang/IncompatibleClassChangeError'{0x000000008a13bf38}: Found class java.lang.Object, but interface was expected> (0x000000008a13bf38) 
thrown [s\open\src\hotspot\share\interpreter\linkResolver.cpp, line 840]
Event: 0.465 Thread 0x000001e235aa0aa0 Exception <a 'java/lang/NoSuchMethodError'{0x000000008a1fe808}: 'java.lang.Object java.lang.invoke.DirectMethodHandle$Holder.newInvokeSpecial(java.lang.Object, java.lang.Object, java.lang.Object, java.lang.Object, java.lang.Object)'> (0x000000008a1fe808) 
thrown [s\open\src\hotspot\share\interpreter\linkResolver.cpp, line 773]
Event: 0.495 Thread 0x000001e235aa0aa0 Exception <a 'java/lang/NoSuchMethodError'{0x0000000089f56fa0}: 'java.lang.Object java.lang.invoke.DirectMethodHandle$Holder.invokeInterface(java.lang.Object, java.lang.Object, java.lang.Object)'> (0x0000000089f56fa0) 
thrown [s\open\src\hotspot\share\interpreter\linkResolver.cpp, line 773]
Event: 0.499 Thread 0x000001e235aa0aa0 Exception <a 'java/lang/NoSuchMethodError'{0x0000000089fabf38}: 'int java.lang.invoke.DirectMethodHandle$Holder.invokeStaticInit(java.lang.Object, java.lang.Object)'> (0x0000000089fabf38) 
thrown [s\open\src\hotspot\share\interpreter\linkResolver.cpp, line 773]
Event: 0.501 Thread 0x000001e235aa0aa0 Exception <a 'java/lang/NoSuchMethodError'{0x0000000089fb8488}: 'java.lang.Object java.lang.invoke.DirectMethodHandle$Holder.invokeSpecialIFC(java.lang.Object, java.lang.Object, java.lang.Object, java.lang.Object)'> (0x0000000089fb8488) 
thrown [s\open\src\hotspot\share\interpreter\linkResolver.cpp, line 773]
Event: 0.546 Thread 0x000001e235aa0aa0 Exception <a 'java/lang/NoSuchMethodError'{0x0000000089d4fbf0}: 'java.lang.Object java.lang.invoke.Invokers$Holder.invokeExact_MT(java.lang.Object, java.lang.Object, java.lang.Object, java.lang.Object, java.lang.Object, java.lang.Object)'> (0x0000000089d4fbf0) 
thrown [s\open\src\hotspot\share\interpreter\linkResolver.cpp, line 773]
Event: 0.550 Thread 0x000001e235aa0aa0 Exception <a 'java/lang/NoSuchMethodError'{0x0000000089d66168}: 'int java.lang.invoke.DirectMethodHandle$Holder.invokeInterface(java.lang.Object, java.lang.Object)'> (0x0000000089d66168) 
thrown [s\open\src\hotspot\share\interpreter\linkResolver.cpp, line 773]
Event: 0.621 Thread 0x000001e235aa0aa0 Exception <a 'java/lang/NoSuchMethodError'{0x000000008af4d900}: 'void java.lang.invoke.DirectMethodHandle$Holder.invokeStatic(java.lang.Object, java.lang.Object, java.lang.Object, java.lang.Object)'> (0x000000008af4d900) 
thrown [s\open\src\hotspot\share\interpreter\linkResolver.cpp, line 773]
Event: 0.661 Thread 0x000001e235aa0aa0 Exception <a 'java/lang/NoSuchMethodError'{0x000000008ad65770}: 'java.lang.Object java.lang.invoke.DirectMethodHandle$Holder.newInvokeSpecial(java.lang.Object, java.lang.Object, java.lang.Object, java.lang.Object, java.lang.Object, java.lang.Object)'> (0x000000008ad65770) 
thrown [s\open\src\hotspot\share\interpreter\linkResolver.cpp, line 773]
Event: 0.666 Thread 0x000001e235aa0aa0 Exception <a 'java/lang/NoSuchMethodError'{0x000000008ada07e0}: 'void java.lang.invoke.DirectMethodHandle$Holder.invokeStaticInit(java.lang.Object)'> (0x000000008ada07e0) 
thrown [s\open\src\hotspot\share\interpreter\linkResolver.cpp, line 773]
Event: 0.669 Thread 0x000001e235aa0aa0 Exception <a 'java/lang/NoSuchMethodError'{0x000000008adc86f0}: 'java.lang.Object java.lang.invoke.DirectMethodHandle$Holder.newInvokeSpecial(java.lang.Object, java.lang.Object, java.lang.Object, java.lang.Object, java.lang.Object, java.lang.Object, java.lang.Object)'> (0x000000008adc86f0) 
thrown [s\open\src\hotspot\share\interpreter\linkResolver.cpp, line 773]
Event: 0.673 Thread 0x000001e235aa0aa0 Exception <a 'java/lang/NoSuchMethodError'{0x000000008adda8c0}: 'java.lang.Object java.lang.invoke.DirectMethodHandle$Holder.invokeSpecialIFC(java.lang.Object, java.lang.Object, java.lang.Object, java.lang.Object, java.lang.Object)'> (0x000000008adda8c0) 
thrown [s\open\src\hotspot\share\interpreter\linkResolver.cpp, line 773]
Event: 0.852 Thread 0x000001e235aa0aa0 Exception <a 'java/lang/NoSuchMethodError'{0x000000008a383900}: 'java.lang.Object java.lang.invoke.DirectMethodHandle$Holder.invokeStaticInit(java.lang.Object, int, int, int, int)'> (0x000000008a383900) 
thrown [s\open\src\hotspot\share\interpreter\linkResolver.cpp, line 773]
Event: 0.893 Thread 0x000001e235aa0aa0 Exception <a 'java/lang/NoSuchMethodError'{0x000000008a2a29c0}: 'java.lang.Object java.lang.invoke.DirectMethodHandle$Holder.invokeStaticInit(java.lang.Object, java.lang.Object, int, int, int, int)'> (0x000000008a2a29c0) 
thrown [s\open\src\hotspot\share\interpreter\linkResolver.cpp, line 773]
Event: 0.917 Thread 0x000001e235aa0aa0 Exception <a 'java/lang/NoSuchMethodError'{0x000000008a19e9e8}: 'void java.lang.invoke.DirectMethodHandle$Holder.invokeSpecial(java.lang.Object, java.lang.Object, java.lang.Object)'> (0x000000008a19e9e8) 
thrown [s\open\src\hotspot\share\interpreter\linkResolver.cpp, line 773]
Event: 1.006 Thread 0x000001e235aa0aa0 Exception <a 'sun/nio/fs/WindowsException'{0x0000000089d77c30}> (0x0000000089d77c30) 
thrown [s\open\src\hotspot\share\prims\jni.cpp, line 519]

VM Operations (18 events):
Event: 0.076 Executing VM operation: HandshakeAllThreads
Event: 0.076 Executing VM operation: HandshakeAllThreads done
Event: 0.155 Executing VM operation: HandshakeAllThreads
Event: 0.155 Executing VM operation: HandshakeAllThreads done
Event: 0.186 Executing VM operation: HandshakeAllThreads
Event: 0.186 Executing VM operation: HandshakeAllThreads done
Event: 0.194 Executing VM operation: HandshakeAllThreads
Event: 0.194 Executing VM operation: HandshakeAllThreads done
Event: 0.430 Executing VM operation: ICBufferFull
Event: 0.430 Executing VM operation: ICBufferFull done
Event: 0.606 Executing VM operation: G1CollectForAllocation
Event: 0.613 Executing VM operation: G1CollectForAllocation done
Event: 0.615 Executing VM operation: HandshakeAllThreads
Event: 0.615 Executing VM operation: HandshakeAllThreads done
Event: 0.997 Executing VM operation: HandshakeAllThreads
Event: 0.997 Executing VM operation: HandshakeAllThreads done
Event: 1.107 Executing VM operation: G1CollectForAllocation
Event: 1.114 Executing VM operation: G1CollectForAllocation done

Events (14 events):
Event: 0.022 Thread 0x000001e235aa0aa0 Thread added: 0x000001e235aa0aa0
Event: 0.035 Thread 0x000001e251e2cbf0 Thread added: 0x000001e251e2cbf0
Event: 0.035 Thread 0x000001e251e2d830 Thread added: 0x000001e251e2d830
Event: 0.036 Thread 0x000001e251e30240 Thread added: 0x000001e251e30240
Event: 0.036 Thread 0x000001e251e32c80 Thread added: 0x000001e251e32c80
Event: 0.036 Thread 0x000001e251e349d0 Thread added: 0x000001e251e349d0
Event: 0.036 Thread 0x000001e251e35310 Thread added: 0x000001e251e35310
Event: 0.036 Thread 0x000001e251e380c0 Thread added: 0x000001e251e380c0
Event: 0.036 Thread 0x000001e256809b60 Thread added: 0x000001e256809b60
Event: 0.070 Thread 0x000001e256911530 Thread added: 0x000001e256911530
Event: 0.143 Thread 0x000001e25680c250 Thread added: 0x000001e25680c250
Event: 0.192 Thread 0x000001e256b3c150 Thread added: 0x000001e256b3c150
Event: 0.192 Thread 0x000001e256b3c6a0 Thread added: 0x000001e256b3c6a0
Event: 0.651 Thread 0x000001e25680b1a0 Thread added: 0x000001e25680b1a0


Dynamic libraries:
0x00007ff679220000 - 0x00007ff679230000 	C:\Program Files\Java\jdk-20\bin\java.exe
0x00007ff951830000 - 0x00007ff951a44000 	C:\WINDOWS\SYSTEM32\ntdll.dll
0x00007ff950440000 - 0x00007ff950502000 	C:\WINDOWS\System32\KERNEL32.DLL
0x00007ff94f020000 - 0x00007ff94f3c3000 	C:\WINDOWS\System32\KERNELBASE.dll
0x00007ff94ef00000 - 0x00007ff94f011000 	C:\WINDOWS\System32\ucrtbase.dll
0x00007ff933180000 - 0x00007ff933199000 	C:\Program Files\Java\jdk-20\bin\jli.dll
0x00007ff9387f0000 - 0x00007ff93880b000 	C:\Program Files\Java\jdk-20\bin\VCRUNTIME140.dll
0x00007ff94f880000 - 0x00007ff94f92e000 	C:\WINDOWS\System32\ADVAPI32.dll
0x00007ff94f930000 - 0x00007ff94f9d7000 	C:\WINDOWS\System32\msvcrt.dll
0x00007ff950010000 - 0x00007ff9500b4000 	C:\WINDOWS\System32\sechost.dll
0x00007ff94f760000 - 0x00007ff94f877000 	C:\WINDOWS\System32\RPCRT4.dll
0x00007ff950290000 - 0x00007ff95043a000 	C:\WINDOWS\System32\USER32.dll
0x00007ff94ecf0000 - 0x00007ff94ed16000 	C:\WINDOWS\System32\win32u.dll
0x00007ff930800000 - 0x00007ff930a8e000 	C:\WINDOWS\WinSxS\amd64_microsoft.windows.common-controls_6595b64144ccf1df_6.0.22621.1635_none_270f70857386168e\COMCTL32.dll
0x00007ff9517c0000 - 0x00007ff9517e9000 	C:\WINDOWS\System32\GDI32.dll
0x00007ff94f450000 - 0x00007ff94f569000 	C:\WINDOWS\System32\gdi32full.dll
0x00007ff94f570000 - 0x00007ff94f60a000 	C:\WINDOWS\System32\msvcp_win.dll
0x00007ff947c30000 - 0x00007ff947c3a000 	C:\WINDOWS\SYSTEM32\VERSION.dll
0x00007ff94f9e0000 - 0x00007ff94fa11000 	C:\WINDOWS\System32\IMM32.DLL
0x00007ff9388f0000 - 0x00007ff9388fc000 	C:\Program Files\Java\jdk-20\bin\vcruntime140_1.dll
0x00007ff923f30000 - 0x00007ff923fbe000 	C:\Program Files\Java\jdk-20\bin\msvcp140.dll
0x00007ff913840000 - 0x00007ff9144d7000 	C:\Program Files\Java\jdk-20\bin\server\jvm.dll
0x00007ff947640000 - 0x00007ff947674000 	C:\WINDOWS\SYSTEM32\WINMM.dll
0x00007ff93a960000 - 0x00007ff93a969000 	C:\WINDOWS\SYSTEM32\WSOCK32.dll
0x00007ff951660000 - 0x00007ff9516d1000 	C:\WINDOWS\System32\WS2_32.dll
0x00007ff94dc70000 - 0x00007ff94dc88000 	C:\WINDOWS\SYSTEM32\kernel.appcore.dll
0x00007ff938830000 - 0x00007ff93883a000 	C:\Program Files\Java\jdk-20\bin\jimage.dll
0x00007ff94c600000 - 0x00007ff94c82e000 	C:\WINDOWS\SYSTEM32\DBGHELP.DLL
0x00007ff94fa50000 - 0x00007ff94fdd9000 	C:\WINDOWS\System32\combase.dll
0x00007ff9516e0000 - 0x00007ff9517b7000 	C:\WINDOWS\System32\OLEAUT32.dll
0x00007ff93ce90000 - 0x00007ff93cec2000 	C:\WINDOWS\SYSTEM32\dbgcore.DLL
0x00007ff94f3d0000 - 0x00007ff94f44a000 	C:\WINDOWS\System32\bcryptPrimitives.dll
0x00007ff94bba0000 - 0x00007ff94bbae000 	C:\Program Files\Java\jdk-20\bin\instrument.dll
0x00007ff932ee0000 - 0x00007ff932f06000 	C:\Program Files\Java\jdk-20\bin\java.dll
0x00007ff932700000 - 0x00007ff932718000 	C:\Program Files\Java\jdk-20\bin\zip.dll
0x00007ff9169e0000 - 0x00007ff916ab7000 	C:\Program Files\Java\jdk-20\bin\jsvml.dll
0x00007ff950e60000 - 0x00007ff951659000 	C:\WINDOWS\System32\SHELL32.dll
0x00007ff94cc20000 - 0x00007ff94d4ee000 	C:\WINDOWS\SYSTEM32\windows.storage.dll
0x00007ff94cae0000 - 0x00007ff94cc1e000 	C:\WINDOWS\SYSTEM32\wintypes.dll
0x00007ff950120000 - 0x00007ff950211000 	C:\WINDOWS\System32\SHCORE.dll
0x00007ff9500c0000 - 0x00007ff95011e000 	C:\WINDOWS\System32\shlwapi.dll
0x00007ff94eb60000 - 0x00007ff94eb86000 	C:\WINDOWS\SYSTEM32\profapi.dll
0x00007ff932f20000 - 0x00007ff932f33000 	C:\Program Files\Java\jdk-20\bin\net.dll
0x00007ff947500000 - 0x00007ff947637000 	C:\WINDOWS\SYSTEM32\WINHTTP.dll
0x00007ff94e0f0000 - 0x00007ff94e159000 	C:\WINDOWS\system32\mswsock.dll
0x00007ff932ec0000 - 0x00007ff932ed6000 	C:\Program Files\Java\jdk-20\bin\nio.dll
0x00007ff94b9c0000 - 0x00007ff94b9da000 	C:\Program Files\JetBrains\IntelliJ IDEA 2023.1.3\bin\breakgen64.dll
0x00007ff936a40000 - 0x00007ff936a47000 	C:\Program Files\Java\jdk-20\bin\extnet.dll
0x00007ff9328b0000 - 0x00007ff9328c0000 	C:\Program Files\Java\jdk-20\bin\verify.dll
0x00007ff94e350000 - 0x00007ff94e36b000 	C:\WINDOWS\SYSTEM32\CRYPTSP.dll
0x00007ff94dbe0000 - 0x00007ff94dc15000 	C:\WINDOWS\system32\rsaenh.dll
0x00007ff94e1f0000 - 0x00007ff94e21c000 	C:\WINDOWS\SYSTEM32\USERENV.dll
0x00007ff94e510000 - 0x00007ff94e538000 	C:\WINDOWS\SYSTEM32\bcrypt.dll
0x00007ff94e370000 - 0x00007ff94e37c000 	C:\WINDOWS\SYSTEM32\CRYPTBASE.dll
0x00007ff94d750000 - 0x00007ff94d77d000 	C:\WINDOWS\SYSTEM32\IPHLPAPI.DLL
0x00007ff94ffa0000 - 0x00007ff94ffa9000 	C:\WINDOWS\System32\NSI.dll
0x00007ff946b40000 - 0x00007ff946b59000 	C:\WINDOWS\SYSTEM32\dhcpcsvc6.DLL
0x00007ff9469b0000 - 0x00007ff9469cf000 	C:\WINDOWS\SYSTEM32\dhcpcsvc.DLL
0x00007ff94d7c0000 - 0x00007ff94d8b3000 	C:\WINDOWS\SYSTEM32\DNSAPI.dll

dbghelp: loaded successfully - version: 4.0.5 - missing functions: none
symbol engine: initialized successfully - sym options: 0x614 - pdb path: .;C:\Program Files\Java\jdk-20\bin;C:\WINDOWS\SYSTEM32;C:\WINDOWS\WinSxS\amd64_microsoft.windows.common-controls_6595b64144ccf1df_6.0.22621.1635_none_270f70857386168e;C:\Program Files\Java\jdk-20\bin\server;C:\Program Files\JetBrains\IntelliJ IDEA 2023.1.3\bin

VM Arguments:
jvm_args: -ea -javaagent:C:\Users\ashay\AppData\Local\JetBrains\IntelliJIdea2023.1\testAgent\intellij-coverage-agent-1.0.706.jar=C:\Users\ashay\AppData\Local\Temp\coverage5940args -Didea.new.sampling.coverage=true -Dcoverage.ignore.private.constructor.util.class=true -DnodeNamesHandler=org.jetbrains.plugins.cucumber.java.run.CucumberTestTreeNodeManager -Didea.test.cyclic.buffer.size=1048576 -javaagent:C:\Program Files\JetBrains\IntelliJ IDEA 2023.1.3\lib\idea_rt.jar=50495:C:\Program Files\JetBrains\IntelliJ IDEA 2023.1.3\bin -Dfile.encoding=UTF-8 -Dsun.stdout.encoding=UTF-8 -Dsun.stderr.encoding=UTF-8 
java_command: com.intellij.rt.junit.JUnitStarter -ideVersion5 -junit4 Acceptance
java_class_path (initial): C:\Program Files\JetBrains\IntelliJ IDEA 2023.1.3\lib\idea_rt.jar;C:\Program Files\JetBrains\IntelliJ IDEA 2023.1.3\plugins\junit\lib\junit5-rt.jar;C:\Program Files\JetBrains\IntelliJ IDEA 2023.1.3\plugins\junit\lib\junit-rt.jar;C:\Users\ashay\OneDrive\Desktop\softwareProj-main\target\test-classes;C:\Users\ashay\OneDrive\Desktop\softwareProj-main\target\classes;C:\Users\ashay\.m2\repository\io\cucumber\cucumber-picocontainer\7.3.4\cucumber-picocontainer-7.3.4.jar;C:\Users\ashay\.m2\repository\org\apiguardian\apiguardian-api\1.1.2\apiguardian-api-1.1.2.jar;C:\Users\ashay\.m2\repository\org\picocontainer\picocontainer\2.15\picocontainer-2.15.jar;C:\Users\ashay\.m2\repository\io\cucumber\cucumber-java\7.3.4\cucumber-java-7.3.4.jar;C:\Users\ashay\.m2\repository\io\cucumber\cucumber-core\7.3.4\cucumber-core-7.3.4.jar;C:\Users\ashay\.m2\repository\io\cucumber\cucumber-gherkin\7.3.4\cucumber-gherkin-7.3.4.jar;C:\Users\ashay\.m2\repository\io\cucumber\cucumber-gherkin-messages\7.3.4\cucumber-gherkin-messages-7.3.4.jar;C:\Users\ashay\.m2\repository\io\cucumber\gherkin\23.0.1\gherkin-23.0.1.jar;C:\Users\ashay\.m2\repository\io\cucumber\messages\18.0.0\messages-18.0.0.jar;C:\Users\ashay\.m2\repository\io\cucumber\tag-expressions\4.1.0\tag-expressions-4.1.0.jar;C:\Users\ashay\.m2\repository\io\cucumber\cucumber-expressions\15.1.1\cucumber-expressions-15.1.1.jar;C:\Users\ashay\.m2\repository\io\cucumber\datatable\7.3.4\datatable-7.3.4.jar;C:\Users\ashay\.m2\repository\io\cucumber\cucumber-plugin\7.3.4\cucumber-plugin-7.3.4.jar;C:\Users\ashay\.m2\repository\io\cucumber\docstring\7.3.4\docstring-7.3.4.jar;C:\Users\ashay\.m2\repository\io\cucumber\html-formatter\19.1.0\html-formatter-19.1.0.jar;C:\Users\ashay\.m2\repository\io\cucumber\ci-environment\9.0.4\ci-environment-9.0.4.jar;C:\Users\ashay\.m2\repository\io\cucumber\cucumber-junit\7.3.4\cucumber-junit-7.3.4.jar;C:\Users\ashay\.m2\repository\org\junit\jupiter\junit-jupiter\5.8.1\junit-jupiter-5.8.1.jar;C:\Users\ashay\.m2\repository\org\junit\jupiter\junit-jupiter-api\5.8.1\junit-jupiter-api-5.8.1.jar;C:\Users\ashay\.m2\repository\org\opentest4j\opentest4j\1.2.0\opentest4j-1.2.0.jar;C:\Users\ashay\.m2\repository\org\junit\platform\junit-platform-commons\1.8.1\junit-platform-commons-1.8.1.jar;C:\Users\ashay\.m2\repository\org\junit\jupiter\junit-jupiter-params\5.8.1\junit-jupiter-params-5.8.1.jar;C:\Users\ashay\.m2\repository\org\junit\jupiter\junit-jupiter-engine\5.8.1\junit-jupiter-engine-5.8.1.jar;C:\Users\ashay\.m2\repository\org\junit\platform\junit-platform-engine\1.8.1\junit-platform-engine-1.8.1.jar;C:\Users\ashay\.m2\repository\junit\junit\4.12\junit-4.12.jar;C:\Users\ashay\.m2\repository\org\hamcrest\hamcrest-core\1.3\hamcrest-core-1.3.jar;C:\Users\ashay\.m2\repository\org\mockito\mockito-core\3.12.4\mockito-core-3.12.4.jar;C:\Users\ashay\.m2\repository\net\bytebuddy\byte-buddy\1.11.13\byte-buddy-1.11.13.jar;C:\Users\ashay\.m2\repository\net\bytebuddy\byte-buddy-agent\1.11.13\byte-buddy-agent-1.11.13.jar;C:\Users\ashay\.m2\repository\org\objenesis\objenesis\3.2\objenesis-3.2.jar;C:\Program Files\JetBrains\IntelliJ IDEA 2023.1.3\plugins\cucumber-java\lib\cucumber-jvmFormatter.jar
Launcher Type: SUN_STANDARD

[Global flags]
     intx CICompilerCount                          = 4                                         {product} {ergonomic}
     uint ConcGCThreads                            = 2                                         {product} {ergonomic}
     uint G1ConcRefinementThreads                  = 8                                         {product} {ergonomic}
   size_t G1HeapRegionSize                         = 1048576                                   {product} {ergonomic}
    uintx GCDrainStackTargetSize                   = 64                                        {product} {ergonomic}
   size_t InitialHeapSize                          = 132120576                                 {product} {ergonomic}
   size_t MarkStackSize                            = 4194304                                   {product} {ergonomic}
   size_t MaxHeapSize                              = 2095054848                                {product} {ergonomic}
   size_t MaxNewSize                               = 1256194048                                {product} {ergonomic}
   size_t MinHeapDeltaBytes                        = 1048576                                   {product} {ergonomic}
   size_t MinHeapSize                              = 8388608                                   {product} {ergonomic}
    uintx NonNMethodCodeHeapSize                   = 5839372                                {pd product} {ergonomic}
    uintx NonProfiledCodeHeapSize                  = 122909434                              {pd product} {ergonomic}
    uintx ProfiledCodeHeapSize                     = 122909434                              {pd product} {ergonomic}
    uintx ReservedCodeCacheSize                    = 251658240                              {pd product} {ergonomic}
     bool SegmentedCodeCache                       = true                                      {product} {ergonomic}
   size_t SoftMaxHeapSize                          = 2095054848                             {manageable} {ergonomic}
     bool UseCompressedClassPointers               = true                           {product lp64_product} {ergonomic}
     bool UseCompressedOops                        = true                           {product lp64_product} {ergonomic}
     bool UseG1GC                                  = true                                      {product} {ergonomic}
     bool UseLargePagesIndividualAllocation        = false                                  {pd product} {ergonomic}

Logging:
Log output configuration:
 #0: stdout all=warning uptime,level,tags foldmultilines=false
 #1: stderr all=off uptime,level,tags foldmultilines=false

Environment Variables:
PATH=C:\Program Files\Common Files\Oracle\Java\javapath;C:\Program Files (x86)\Common Files\Oracle\Java\javapath;C:\WINDOWS\system32;C:\WINDOWS;C:\WINDOWS\System32\Wbem;C:\WINDOWS\System32\WindowsPowerShell\v1.0\;C:\WINDOWS\System32\OpenSSH\;C:\Program Files\dotnet\;C:\Program Files\Git\cmd;C:\Program Files\apache-maven-3.9.4\bin;C:\Program Files\Common Files\Oracle\Java\javapath;C:\Program Files (x86)\Common Files\Oracle\Java\javapath;C:\WINDOWS\system32;C:\WINDOWS;C:\WINDOWS\System32\Wbem;C:\WINDOWS\System32\WindowsPowerShell\v1.0\;C:\WINDOWS\System32\OpenSSH\;C:\Program Files\dotnet\;C:\Program Files\Git\cmd;C:\Users\ashay\AppData\Local\Microsoft\WindowsApps;C:\Users\ashay\AppData\Local\Programs\Microsoft VS Code\bin;C:\Users\ashay\.dotnet\tools;C:\Users\ashay\AppData\Local\GitHubDesktop\bin;%M2_HOME%\bin
USERNAME=ashay
OS=Windows_NT
PROCESSOR_IDENTIFIER=Intel64 Family 6 Model 126 Stepping 5, GenuineIntel
TMP=C:\Users\ashay\AppData\Local\Temp
TEMP=C:\Users\ashay\AppData\Local\Temp




---------------  S Y S T E M  ---------------

OS:
 Windows 11 , 64 bit Build 22621 (10.0.22621.1928)
OS uptime: 0 days 0:34 hours

CPU: total 8 (initial active 8) (4 cores per cpu, 2 threads per core) family 6 model 126 stepping 5 microcode 0xa6, cx8, cmov, fxsr, ht, mmx, 3dnowpref, sse, sse2, sse3, ssse3, sse4.1, sse4.2, popcnt, lzcnt, tsc, tscinvbit, avx, avx2, aes, erms, clmul, bmi1, bmi2, adx, avx512f, avx512dq, avx512cd, avx512bw, avx512vl, sha, fma, vzeroupper, avx512_vpopcntdq, avx512_vpclmulqdq, avx512_vaes, avx512_vnni, clflush, clflushopt, avx512_vbmi2, avx512_vbmi, rdtscp, rdpid, fsrm, gfni, avx512_bitalg, f16c, pku, avx512_ifma

Memory: 4k page, system-wide physical 7987M (936M free)
TotalPageFile size 7987M (AvailPageFile size 11M)
current process WorkingSet (physical memory assigned to process): 129M, peak: 129M
current process commit charge ("private bytes"): 257M, peak: 258M

vm_info: Java HotSpot(TM) 64-Bit Server VM (20+36-2344) for windows-amd64 JRE (20+36-2344), built on 2023-02-10T19:30:15Z by "mach5one" with MS VC++ 17.1 (VS2022)

END.
